>>[debug][2024-11-12 23-04-23][debug_logger][main--main.cpp:47][****************************************************]
>>[debug][2024-11-12 23-04-23][debug_logger][main--main.cpp:48][Start znp_tjc_klipper_V1.2.3.2 debug_log]
>>[debug][2024-11-12 23-04-23][debug_logger][monitor_GPIO2_A3--mks_gpio.cpp:228][开始监听电源引脚状态]
>>[debug][2024-11-12 23-17-04][debug_logger][monitor_GPIO2_A3--mks_gpio.cpp:230][poll return = 1]
>>[debug][2024-11-12 23-17-04][debug_logger][monitor_GPIO2_A3--mks_gpio.cpp:257][电源已恢复,repair_model状态置为:0]
>>[debug][2024-11-12 23-17-04][debug_logger][monitor_GPIO2_A3--mks_gpio.cpp:228][开始监听电源引脚状态]
>>[debug][2024-11-12 23-17-04][debug_logger][monitor_GPIO2_A3--mks_gpio.cpp:230][poll return = 1]
>>[debug][2024-11-12 23-17-04][debug_logger][monitor_GPIO2_A3--mks_gpio.cpp:254][检测到电源已切断,repair_model状态置为:2,进行延时防抖检测]
>>[debug][2024-11-12 23-17-04][debug_logger][check_power_lose_timeout--event.cpp:1221][event中检测到一次电源跳变,repair_model状态置为:2]
>>[debug][2024-11-12 23-17-04][debug_logger][monitor_GPIO2_A3--mks_gpio.cpp:228][开始监听电源引脚状态]
>>[debug][2024-11-12 23-17-05][debug_logger][check_power_lose_timeout--event.cpp:1221][event中检测到一次电源跳变,repair_model状态置为:2]
>>[debug][2024-11-12 23-17-05][debug_logger][check_power_lose_timeout--event.cpp:1221][event中检测到一次电源跳变,repair_model状态置为:2]
>>[debug][2024-11-12 23-17-05][debug_logger][check_power_lose_timeout--event.cpp:1208][event中检测到检测到第三次电源跳变,主动关机.repair_model状态置为:2]
>>[debug][2024-11-12 23-17-15][debug_logger][main--main.cpp:47][****************************************************]
>>[debug][2024-11-12 23-17-15][debug_logger][main--main.cpp:48][Start znp_tjc_klipper_V1.2.3.2 debug_log]
>>[debug][2024-11-12 23-17-15][debug_logger][monitor_GPIO2_A3--mks_gpio.cpp:228][开始监听电源引脚状态]
>>[debug][2024-11-13 08-48-52][debug_logger][monitor_GPIO2_A3--mks_gpio.cpp:230][poll return = 1]
>>[debug][2024-11-13 08-48-52][debug_logger][monitor_GPIO2_A3--mks_gpio.cpp:257][电源已恢复,repair_model状态置为:0]
>>[debug][2024-11-13 08-48-52][debug_logger][monitor_GPIO2_A3--mks_gpio.cpp:228][开始监听电源引脚状态]
>>[debug][2024-11-13 08-48-52][debug_logger][monitor_GPIO2_A3--mks_gpio.cpp:230][poll return = 1]
>>[debug][2024-11-13 08-48-52][debug_logger][monitor_GPIO2_A3--mks_gpio.cpp:254][检测到电源已切断,repair_model状态置为:2,进行延时防抖检测]
>>[debug][2024-11-13 08-48-52][debug_logger][check_power_lose_timeout--event.cpp:1221][event中检测到一次电源跳变,repair_model状态置为:2]
>>[debug][2024-11-13 08-48-52][debug_logger][monitor_GPIO2_A3--mks_gpio.cpp:228][开始监听电源引脚状态]
>>[debug][2024-11-13 08-48-52][debug_logger][check_power_lose_timeout--event.cpp:1221][event中检测到一次电源跳变,repair_model状态置为:2]
>>[debug][2024-11-13 08-48-52][debug_logger][check_power_lose_timeout--event.cpp:1221][event中检测到一次电源跳变,repair_model状态置为:2]
>>[debug][2024-11-13 08-48-52][debug_logger][check_power_lose_timeout--event.cpp:1208][event中检测到检测到第三次电源跳变,主动关机.repair_model状态置为:2]
>>[debug][2024-11-13 08-17-15][debug_logger][main--main.cpp:47][****************************************************]
>>[debug][2024-11-13 08-17-15][debug_logger][main--main.cpp:48][Start znp_tjc_klipper_V1.2.3.2 debug_log]
>>[debug][2024-11-13 08-17-15][debug_logger][monitor_GPIO2_A3--mks_gpio.cpp:228][开始监听电源引脚状态]
>>[debug][2024-11-14 13-18-40][debug_logger][monitor_GPIO2_A3--mks_gpio.cpp:230][poll return = 1]
>>[debug][2024-11-14 13-18-40][debug_logger][monitor_GPIO2_A3--mks_gpio.cpp:257][电源已恢复,repair_model状态置为:0]
>>[debug][2024-11-14 13-18-40][debug_logger][monitor_GPIO2_A3--mks_gpio.cpp:228][开始监听电源引脚状态]
>>[debug][2024-11-14 13-18-40][debug_logger][monitor_GPIO2_A3--mks_gpio.cpp:230][poll return = 1]
>>[debug][2024-11-14 13-18-40][debug_logger][monitor_GPIO2_A3--mks_gpio.cpp:254][检测到电源已切断,repair_model状态置为:2,进行延时防抖检测]
>>[debug][2024-11-14 13-18-40][debug_logger][monitor_GPIO2_A3--mks_gpio.cpp:228][开始监听电源引脚状态]
>>[debug][2024-11-14 13-18-40][debug_logger][check_power_lose_timeout--event.cpp:1221][event中检测到一次电源跳变,repair_model状态置为:2]
>>[debug][2024-11-14 13-18-40][debug_logger][check_power_lose_timeout--event.cpp:1221][event中检测到一次电源跳变,repair_model状态置为:2]
>>[debug][2024-11-14 13-18-40][debug_logger][check_power_lose_timeout--event.cpp:1221][event中检测到一次电源跳变,repair_model状态置为:2]
>>[debug][2024-11-14 13-18-40][debug_logger][check_power_lose_timeout--event.cpp:1208][event中检测到检测到第三次电源跳变,主动关机.repair_model状态置为:2]
>>[debug][2024-11-14 13-17-16][debug_logger][main--main.cpp:47][****************************************************]
>>[debug][2024-11-14 13-17-16][debug_logger][main--main.cpp:48][Start znp_tjc_klipper_V1.2.3.2 debug_log]
>>[debug][2024-11-14 13-17-16][debug_logger][monitor_GPIO2_A3--mks_gpio.cpp:228][开始监听电源引脚状态]
>>[debug][2024-11-15 20-34-46][debug_logger][monitor_GPIO2_A3--mks_gpio.cpp:230][poll return = 1]
>>[debug][2024-11-15 20-34-46][debug_logger][monitor_GPIO2_A3--mks_gpio.cpp:257][电源已恢复,repair_model状态置为:0]
>>[debug][2024-11-15 20-34-46][debug_logger][monitor_GPIO2_A3--mks_gpio.cpp:228][开始监听电源引脚状态]
>>[debug][2024-11-15 20-34-46][debug_logger][monitor_GPIO2_A3--mks_gpio.cpp:230][poll return = 1]
>>[debug][2024-11-15 20-34-46][debug_logger][monitor_GPIO2_A3--mks_gpio.cpp:254][检测到电源已切断,repair_model状态置为:2,进行延时防抖检测]
>>[debug][2024-11-15 20-34-46][debug_logger][check_power_lose_timeout--event.cpp:1221][event中检测到一次电源跳变,repair_model状态置为:2]
>>[debug][2024-11-15 20-34-46][debug_logger][monitor_GPIO2_A3--mks_gpio.cpp:228][开始监听电源引脚状态]
>>[debug][2024-11-15 20-34-46][debug_logger][monitor_GPIO2_A3--mks_gpio.cpp:230][poll return = 1]
>>[debug][2024-11-15 20-34-46][debug_logger][monitor_GPIO2_A3--mks_gpio.cpp:254][检测到电源已切断,repair_model状态置为:2,进行延时防抖检测]
>>[debug][2024-11-15 20-34-46][debug_logger][monitor_GPIO2_A3--mks_gpio.cpp:228][开始监听电源引脚状态]
>>[debug][2024-11-15 20-34-46][debug_logger][check_power_lose_timeout--event.cpp:1221][event中检测到一次电源跳变,repair_model状态置为:2]
>>[debug][2024-11-15 20-34-46][debug_logger][check_power_lose_timeout--event.cpp:1221][event中检测到一次电源跳变,repair_model状态置为:2]
>>[debug][2024-11-15 20-34-46][debug_logger][check_power_lose_timeout--event.cpp:1208][event中检测到检测到第三次电源跳变,主动关机.repair_model状态置为:2]
>>[debug][2024-11-15 20-17-16][debug_logger][main--main.cpp:47][****************************************************]
>>[debug][2024-11-15 20-17-16][debug_logger][main--main.cpp:48][Start znp_tjc_klipper_V1.2.3.2 debug_log]
>>[debug][2024-11-15 20-17-16][debug_logger][monitor_GPIO2_A3--mks_gpio.cpp:228][开始监听电源引脚状态]
>>[debug][2024-11-16 20-51-35][debug_logger][monitor_GPIO2_A3--mks_gpio.cpp:230][poll return = 1]
>>[debug][2024-11-16 20-51-35][debug_logger][monitor_GPIO2_A3--mks_gpio.cpp:257][电源已恢复,repair_model状态置为:0]
>>[debug][2024-11-16 20-51-35][debug_logger][monitor_GPIO2_A3--mks_gpio.cpp:228][开始监听电源引脚状态]
>>[debug][2024-11-16 20-51-35][debug_logger][monitor_GPIO2_A3--mks_gpio.cpp:230][poll return = 1]
>>[debug][2024-11-16 20-51-35][debug_logger][monitor_GPIO2_A3--mks_gpio.cpp:254][检测到电源已切断,repair_model状态置为:2,进行延时防抖检测]
>>[debug][2024-11-16 20-51-35][debug_logger][monitor_GPIO2_A3--mks_gpio.cpp:228][开始监听电源引脚状态]
>>[debug][2024-11-16 20-51-35][debug_logger][monitor_GPIO2_A3--mks_gpio.cpp:230][poll return = 1]
>>[debug][2024-11-16 20-51-35][debug_logger][monitor_GPIO2_A3--mks_gpio.cpp:254][检测到电源已切断,repair_model状态置为:2,进行延时防抖检测]
>>[debug][2024-11-16 20-51-35][debug_logger][monitor_GPIO2_A3--mks_gpio.cpp:228][开始监听电源引脚状态]
>>[debug][2024-11-16 20-51-35][debug_logger][check_power_lose_timeout--event.cpp:1221][event中检测到一次电源跳变,repair_model状态置为:2]
>>[debug][2024-11-16 20-51-35][debug_logger][check_power_lose_timeout--event.cpp:1221][event中检测到一次电源跳变,repair_model状态置为:2]
>>[debug][2024-11-16 20-51-35][debug_logger][check_power_lose_timeout--event.cpp:1221][event中检测到一次电源跳变,repair_model状态置为:2]
>>[debug][2024-11-16 20-51-36][debug_logger][check_power_lose_timeout--event.cpp:1208][event中检测到检测到第三次电源跳变,主动关机.repair_model状态置为:2]
>>[debug][2024-11-16 20-17-15][debug_logger][main--main.cpp:47][****************************************************]
>>[debug][2024-11-16 20-17-15][debug_logger][main--main.cpp:48][Start znp_tjc_klipper_V1.2.3.2 debug_log]
>>[debug][2024-11-16 20-17-16][debug_logger][monitor_GPIO2_A3--mks_gpio.cpp:228][开始监听电源引脚状态]
>>[debug][2024-11-19 09-01-25][debug_logger][monitor_GPIO2_A3--mks_gpio.cpp:230][poll return = 1]
>>[debug][2024-11-19 09-01-25][debug_logger][monitor_GPIO2_A3--mks_gpio.cpp:257][电源已恢复,repair_model状态置为:0]
>>[debug][2024-11-19 09-01-25][debug_logger][monitor_GPIO2_A3--mks_gpio.cpp:228][开始监听电源引脚状态]
>>[debug][2024-11-19 09-01-25][debug_logger][monitor_GPIO2_A3--mks_gpio.cpp:230][poll return = 1]
>>[debug][2024-11-19 09-01-25][debug_logger][monitor_GPIO2_A3--mks_gpio.cpp:254][检测到电源已切断,repair_model状态置为:2,进行延时防抖检测]
>>[debug][2024-11-19 09-01-25][debug_logger][monitor_GPIO2_A3--mks_gpio.cpp:228][开始监听电源引脚状态]
>>[debug][2024-11-19 09-01-25][debug_logger][check_power_lose_timeout--event.cpp:1221][event中检测到一次电源跳变,repair_model状态置为:2]
>>[debug][2024-11-19 09-01-25][debug_logger][check_power_lose_timeout--event.cpp:1221][event中检测到一次电源跳变,repair_model状态置为:2]
>>[debug][2024-11-19 09-01-25][debug_logger][check_power_lose_timeout--event.cpp:1221][event中检测到一次电源跳变,repair_model状态置为:2]
>>[debug][2024-11-19 09-01-25][debug_logger][check_power_lose_timeout--event.cpp:1208][event中检测到检测到第三次电源跳变,主动关机.repair_model状态置为:2]
>>[debug][2024-11-19 08-17-15][debug_logger][main--main.cpp:47][****************************************************]
>>[debug][2024-11-19 08-17-15][debug_logger][main--main.cpp:48][Start znp_tjc_klipper_V1.2.3.2 debug_log]
>>[debug][2024-11-19 08-17-15][debug_logger][monitor_GPIO2_A3--mks_gpio.cpp:228][开始监听电源引脚状态]
>>[debug][2024-11-20 03-54-19][debug_logger][monitor_GPIO2_A3--mks_gpio.cpp:230][poll return = 1]
>>[debug][2024-11-20 03-54-19][debug_logger][monitor_GPIO2_A3--mks_gpio.cpp:257][电源已恢复,repair_model状态置为:0]
>>[debug][2024-11-20 03-54-19][debug_logger][monitor_GPIO2_A3--mks_gpio.cpp:228][开始监听电源引脚状态]
>>[debug][2024-11-20 03-54-19][debug_logger][monitor_GPIO2_A3--mks_gpio.cpp:230][poll return = 1]
>>[debug][2024-11-20 03-54-19][debug_logger][monitor_GPIO2_A3--mks_gpio.cpp:254][检测到电源已切断,repair_model状态置为:2,进行延时防抖检测]
>>[debug][2024-11-20 03-54-19][debug_logger][monitor_GPIO2_A3--mks_gpio.cpp:228][开始监听电源引脚状态]
>>[debug][2024-11-20 03-54-19][debug_logger][check_power_lose_timeout--event.cpp:1221][event中检测到一次电源跳变,repair_model状态置为:2]
>>[debug][2024-11-20 03-54-19][debug_logger][check_power_lose_timeout--event.cpp:1221][event中检测到一次电源跳变,repair_model状态置为:2]
>>[debug][2024-11-20 03-54-19][debug_logger][check_power_lose_timeout--event.cpp:1221][event中检测到一次电源跳变,repair_model状态置为:2]
>>[debug][2024-11-20 03-54-19][debug_logger][check_power_lose_timeout--event.cpp:1208][event中检测到检测到第三次电源跳变,主动关机.repair_model状态置为:2]
>>[debug][2024-11-20 03-17-16][debug_logger][main--main.cpp:47][****************************************************]
>>[debug][2024-11-20 03-17-16][debug_logger][main--main.cpp:48][Start znp_tjc_klipper_V1.2.3.2 debug_log]
>>[debug][2024-11-20 03-17-16][debug_logger][monitor_GPIO2_A3--mks_gpio.cpp:228][开始监听电源引脚状态]
>>[debug][2024-11-21 09-49-13][debug_logger][monitor_GPIO2_A3--mks_gpio.cpp:230][poll return = 1]
>>[debug][2024-11-21 09-49-13][debug_logger][monitor_GPIO2_A3--mks_gpio.cpp:257][电源已恢复,repair_model状态置为:0]
>>[debug][2024-11-21 09-49-13][debug_logger][monitor_GPIO2_A3--mks_gpio.cpp:228][开始监听电源引脚状态]
>>[debug][2024-11-21 09-49-13][debug_logger][monitor_GPIO2_A3--mks_gpio.cpp:230][poll return = 1]
>>[debug][2024-11-21 09-49-13][debug_logger][monitor_GPIO2_A3--mks_gpio.cpp:257][电源已恢复,repair_model状态置为:0]
>>[debug][2024-11-21 09-49-13][debug_logger][monitor_GPIO2_A3--mks_gpio.cpp:228][开始监听电源引脚状态]
>>[debug][2024-11-21 09-49-13][debug_logger][monitor_GPIO2_A3--mks_gpio.cpp:230][poll return = 1]
>>[debug][2024-11-21 09-49-13][debug_logger][monitor_GPIO2_A3--mks_gpio.cpp:257][电源已恢复,repair_model状态置为:0]
>>[debug][2024-11-21 09-49-13][debug_logger][monitor_GPIO2_A3--mks_gpio.cpp:228][开始监听电源引脚状态]
>>[debug][2024-11-21 09-49-13][debug_logger][monitor_GPIO2_A3--mks_gpio.cpp:230][poll return = 1]
>>[debug][2024-11-21 09-49-13][debug_logger][monitor_GPIO2_A3--mks_gpio.cpp:254][检测到电源已切断,repair_model状态置为:2,进行延时防抖检测]
>>[debug][2024-11-21 09-49-13][debug_logger][check_power_lose_timeout--event.cpp:1221][event中检测到一次电源跳变,repair_model状态置为:2]
>>[debug][2024-11-21 09-49-13][debug_logger][monitor_GPIO2_A3--mks_gpio.cpp:228][开始监听电源引脚状态]
>>[debug][2024-11-21 09-49-13][debug_logger][check_power_lose_timeout--event.cpp:1221][event中检测到一次电源跳变,repair_model状态置为:2]
>>[debug][2024-11-21 09-49-13][debug_logger][check_power_lose_timeout--event.cpp:1221][event中检测到一次电源跳变,repair_model状态置为:2]
>>[debug][2024-11-21 09-49-14][debug_logger][check_power_lose_timeout--event.cpp:1208][event中检测到检测到第三次电源跳变,主动关机.repair_model状态置为:2]
>>[debug][2024-11-20 03-17-15][debug_logger][main--main.cpp:47][****************************************************]
>>[debug][2024-11-20 03-17-15][debug_logger][main--main.cpp:48][Start znp_tjc_klipper_V1.2.3.2 debug_log]
>>[debug][2024-11-20 03-17-15][debug_logger][monitor_GPIO2_A3--mks_gpio.cpp:228][开始监听电源引脚状态]
>>[debug][2024-12-03 05-33-06][debug_logger][main--main.cpp:47][****************************************************]
>>[debug][2024-12-03 05-33-06][debug_logger][main--main.cpp:48][Start znp_tjc_klipper_V1.2.3.2 debug_log]
>>[debug][2024-12-03 05-33-07][debug_logger][monitor_GPIO2_A3--mks_gpio.cpp:228][开始监听电源引脚状态]
>>[debug][2024-12-07 11-35-07][debug_logger][main--main.cpp:47][****************************************************]
>>[debug][2024-12-07 11-35-07][debug_logger][main--main.cpp:48][Start znp_tjc_klipper_V1.2.3.2 debug_log]
>>[debug][2024-12-07 11-35-07][debug_logger][monitor_GPIO2_A3--mks_gpio.cpp:228][开始监听电源引脚状态]
>>[debug][2024-12-09 00-58-45][debug_logger][main--main.cpp:47][****************************************************]
>>[debug][2024-12-09 00-58-45][debug_logger][main--main.cpp:48][Start znp_tjc_klipper_V1.2.3.2 debug_log]
>>[debug][2024-12-09 00-58-45][debug_logger][monitor_GPIO2_A3--mks_gpio.cpp:228][开始监听电源引脚状态]
>>[debug][2024-12-09 21-06-29][debug_logger][main--main.cpp:47][****************************************************]
>>[debug][2024-12-09 21-06-29][debug_logger][main--main.cpp:48][Start znp_tjc_klipper_V1.2.3.2 debug_log]
>>[debug][2024-12-09 21-06-29][debug_logger][monitor_GPIO2_A3--mks_gpio.cpp:228][开始监听电源引脚状态]
>>[debug][2024-12-10 08-11-25][debug_logger][main--main.cpp:47][****************************************************]
>>[debug][2024-12-10 08-11-25][debug_logger][main--main.cpp:48][Start znp_tjc_klipper_V1.2.3.2 debug_log]
>>[debug][2024-12-10 08-11-25][debug_logger][monitor_GPIO2_A3--mks_gpio.cpp:228][开始监听电源引脚状态]
>>[debug][2024-12-11 05-17-01][debug_logger][main--main.cpp:47][****************************************************]
>>[debug][2024-12-11 05-17-01][debug_logger][main--main.cpp:48][Start znp_tjc_klipper_V1.2.3.2 debug_log]
>>[debug][2024-12-11 05-17-01][debug_logger][monitor_GPIO2_A3--mks_gpio.cpp:228][开始监听电源引脚状态]
>>[debug][2024-12-12 13-08-36][debug_logger][monitor_GPIO2_A3--mks_gpio.cpp:230][poll return = 1]
>>[debug][2024-12-12 13-08-36][debug_logger][monitor_GPIO2_A3--mks_gpio.cpp:257][电源已恢复,repair_model状态置为:0]
>>[debug][2024-12-12 13-08-36][debug_logger][monitor_GPIO2_A3--mks_gpio.cpp:228][开始监听电源引脚状态]
>>[debug][2024-12-12 13-08-36][debug_logger][monitor_GPIO2_A3--mks_gpio.cpp:230][poll return = 1]
>>[debug][2024-12-12 13-08-36][debug_logger][monitor_GPIO2_A3--mks_gpio.cpp:254][检测到电源已切断,repair_model状态置为:2,进行延时防抖检测]
>>[debug][2024-12-12 13-08-36][debug_logger][monitor_GPIO2_A3--mks_gpio.cpp:228][开始监听电源引脚状态]
>>[debug][2024-12-12 13-08-36][debug_logger][monitor_GPIO2_A3--mks_gpio.cpp:230][poll return = 1]
>>[debug][2024-12-12 13-08-36][debug_logger][monitor_GPIO2_A3--mks_gpio.cpp:254][检测到电源已切断,repair_model状态置为:2,进行延时防抖检测]
>>[debug][2024-12-12 13-08-36][debug_logger][monitor_GPIO2_A3--mks_gpio.cpp:228][开始监听电源引脚状态]
>>[debug][2024-12-12 13-08-36][debug_logger][check_power_lose_timeout--event.cpp:1221][event中检测到一次电源跳变,repair_model状态置为:2]
>>[debug][2024-12-12 13-08-36][debug_logger][check_power_lose_timeout--event.cpp:1221][event中检测到一次电源跳变,repair_model状态置为:2]
>>[debug][2024-12-12 13-08-36][debug_logger][check_power_lose_timeout--event.cpp:1221][event中检测到一次电源跳变,repair_model状态置为:2]
>>[debug][2024-12-12 13-08-36][debug_logger][check_power_lose_timeout--event.cpp:1208][event中检测到检测到第三次电源跳变,主动关机.repair_model状态置为:2]
>>[debug][2024-12-12 12-17-16][debug_logger][main--main.cpp:47][****************************************************]
>>[debug][2024-12-12 12-17-16][debug_logger][main--main.cpp:48][Start znp_tjc_klipper_V1.2.3.2 debug_log]
>>[debug][2024-12-12 12-17-16][debug_logger][monitor_GPIO2_A3--mks_gpio.cpp:228][开始监听电源引脚状态]
>>[debug][2024-12-13 22-21-57][debug_logger][main--main.cpp:47][****************************************************]
>>[debug][2024-12-13 22-21-57][debug_logger][main--main.cpp:48][Start znp_tjc_klipper_V1.2.3.2 debug_log]
>>[debug][2024-12-13 22-21-57][debug_logger][monitor_GPIO2_A3--mks_gpio.cpp:228][开始监听电源引脚状态]
>>[debug][2024-12-14 11-00-03][debug_logger][monitor_GPIO2_A3--mks_gpio.cpp:230][poll return = 1]
>>[debug][2024-12-14 11-00-03][debug_logger][monitor_GPIO2_A3--mks_gpio.cpp:257][电源已恢复,repair_model状态置为:0]
>>[debug][2024-12-14 11-00-03][debug_logger][monitor_GPIO2_A3--mks_gpio.cpp:228][开始监听电源引脚状态]
>>[debug][2024-12-14 11-00-03][debug_logger][monitor_GPIO2_A3--mks_gpio.cpp:230][poll return = 1]
>>[debug][2024-12-14 11-00-03][debug_logger][monitor_GPIO2_A3--mks_gpio.cpp:254][检测到电源已切断,repair_model状态置为:2,进行延时防抖检测]
>>[debug][2024-12-14 11-00-03][debug_logger][monitor_GPIO2_A3--mks_gpio.cpp:228][开始监听电源引脚状态]
>>[debug][2024-12-14 11-00-03][debug_logger][monitor_GPIO2_A3--mks_gpio.cpp:230][poll return = 1]
>>[debug][2024-12-14 11-00-03][debug_logger][monitor_GPIO2_A3--mks_gpio.cpp:257][电源已恢复,repair_model状态置为:2]
>>[debug][2024-12-14 11-00-03][debug_logger][monitor_GPIO2_A3--mks_gpio.cpp:228][开始监听电源引脚状态]
>>[debug][2024-12-14 11-00-03][debug_logger][monitor_GPIO2_A3--mks_gpio.cpp:230][poll return = 1]
>>[debug][2024-12-14 11-00-03][debug_logger][monitor_GPIO2_A3--mks_gpio.cpp:257][电源已恢复,repair_model状态置为:2]
>>[debug][2024-12-14 11-00-03][debug_logger][monitor_GPIO2_A3--mks_gpio.cpp:228][开始监听电源引脚状态]
>>[debug][2024-12-14 11-00-03][debug_logger][monitor_GPIO2_A3--mks_gpio.cpp:230][poll return = 1]
>>[debug][2024-12-14 11-00-03][debug_logger][monitor_GPIO2_A3--mks_gpio.cpp:254][检测到电源已切断,repair_model状态置为:2,进行延时防抖检测]
>>[debug][2024-12-14 11-00-03][debug_logger][monitor_GPIO2_A3--mks_gpio.cpp:228][开始监听电源引脚状态]
>>[debug][2024-12-14 11-00-03][debug_logger][check_power_lose_timeout--event.cpp:1221][event中检测到一次电源跳变,repair_model状态置为:2]
>>[debug][2024-12-14 11-00-03][debug_logger][check_power_lose_timeout--event.cpp:1221][event中检测到一次电源跳变,repair_model状态置为:2]
>>[debug][2024-12-14 11-00-03][debug_logger][check_power_lose_timeout--event.cpp:1221][event中检测到一次电源跳变,repair_model状态置为:2]
>>[debug][2024-12-14 11-00-03][debug_logger][check_power_lose_timeout--event.cpp:1208][event中检测到检测到第三次电源跳变,主动关机.repair_model状态置为:2]
>>[debug][2024-12-14 10-17-16][debug_logger][main--main.cpp:47][****************************************************]
>>[debug][2024-12-14 10-17-16][debug_logger][main--main.cpp:48][Start znp_tjc_klipper_V1.2.3.2 debug_log]
>>[debug][2024-12-14 10-17-17][debug_logger][monitor_GPIO2_A3--mks_gpio.cpp:228][开始监听电源引脚状态]
>>[debug][2024-12-16 02-05-53][debug_logger][main--main.cpp:47][****************************************************]
>>[debug][2024-12-16 02-05-53][debug_logger][main--main.cpp:48][Start znp_tjc_klipper_V1.2.3.2 debug_log]
>>[debug][2024-12-16 02-05-54][debug_logger][monitor_GPIO2_A3--mks_gpio.cpp:228][开始监听电源引脚状态]
>>[debug][2024-12-17 22-23-55][debug_logger][main--main.cpp:47][****************************************************]
>>[debug][2024-12-17 22-23-55][debug_logger][main--main.cpp:48][Start znp_tjc_klipper_V1.2.3.2 debug_log]
>>[debug][2024-12-17 22-23-55][debug_logger][monitor_GPIO2_A3--mks_gpio.cpp:228][开始监听电源引脚状态]
>>[debug][2024-12-20 10-07-01][debug_logger][main--main.cpp:47][****************************************************]
>>[debug][2024-12-20 10-07-01][debug_logger][main--main.cpp:48][Start znp_tjc_klipper_V1.2.3.2 debug_log]
>>[debug][2024-12-20 10-07-01][debug_logger][monitor_GPIO2_A3--mks_gpio.cpp:228][开始监听电源引脚状态]
>>[debug][2024-12-21 10-47-08][debug_logger][main--main.cpp:47][****************************************************]
>>[debug][2024-12-21 10-47-08][debug_logger][main--main.cpp:48][Start znp_tjc_klipper_V1.2.3.2 debug_log]
>>[debug][2024-12-21 10-47-08][debug_logger][monitor_GPIO2_A3--mks_gpio.cpp:228][开始监听电源引脚状态]
>>[debug][2024-12-22 12-03-29][debug_logger][main--main.cpp:47][****************************************************]
>>[debug][2024-12-22 12-03-29][debug_logger][main--main.cpp:48][Start znp_tjc_klipper_V1.2.3.2 debug_log]
>>[debug][2024-12-22 12-03-29][debug_logger][monitor_GPIO2_A3--mks_gpio.cpp:228][开始监听电源引脚状态]
>>[debug][2024-12-24 21-51-18][debug_logger][main--main.cpp:47][****************************************************]
>>[debug][2024-12-24 21-51-18][debug_logger][main--main.cpp:48][Start znp_tjc_klipper_V1.2.3.2 debug_log]
>>[debug][2024-12-24 21-51-18][debug_logger][monitor_GPIO2_A3--mks_gpio.cpp:228][开始监听电源引脚状态]
>>[debug][2024-12-25 01-57-26][debug_logger][main--main.cpp:47][****************************************************]
>>[debug][2024-12-25 01-57-26][debug_logger][main--main.cpp:48][Start znp_tjc_klipper_V1.2.3.2 debug_log]
>>[debug][2024-12-25 01-57-26][debug_logger][monitor_GPIO2_A3--mks_gpio.cpp:228][开始监听电源引脚状态]
>>[debug][2024-12-25 13-47-31][debug_logger][main--main.cpp:47][****************************************************]
>>[debug][2024-12-25 13-47-31][debug_logger][main--main.cpp:48][Start znp_tjc_klipper_V1.2.3.2 debug_log]
>>[debug][2024-12-25 13-47-32][debug_logger][monitor_GPIO2_A3--mks_gpio.cpp:228][开始监听电源引脚状态]
>>[debug][2024-12-28 01-38-24][debug_logger][main--main.cpp:47][****************************************************]
>>[debug][2024-12-28 01-38-24][debug_logger][main--main.cpp:48][Start znp_tjc_klipper_V1.2.3.2 debug_log]
>>[debug][2024-12-28 01-38-24][debug_logger][monitor_GPIO2_A3--mks_gpio.cpp:228][开始监听电源引脚状态]
>>[debug][2024-12-28 05-18-33][debug_logger][main--main.cpp:47][****************************************************]
>>[debug][2024-12-28 05-18-33][debug_logger][main--main.cpp:48][Start znp_tjc_klipper_V1.2.3.2 debug_log]
>>[debug][2024-12-28 05-18-33][debug_logger][monitor_GPIO2_A3--mks_gpio.cpp:228][开始监听电源引脚状态]
>>[debug][2024-12-29 09-10-48][debug_logger][main--main.cpp:47][****************************************************]
>>[debug][2024-12-29 09-10-48][debug_logger][main--main.cpp:48][Start znp_tjc_klipper_V1.2.3.2 debug_log]
>>[debug][2024-12-29 09-10-49][debug_logger][monitor_GPIO2_A3--mks_gpio.cpp:228][开始监听电源引脚状态]
>>[debug][2025-01-07 03-55-37][debug_logger][monitor_GPIO2_A3--mks_gpio.cpp:230][poll return = 1]
>>[debug][2025-01-07 03-55-37][debug_logger][monitor_GPIO2_A3--mks_gpio.cpp:257][电源已恢复,repair_model状态置为:0]
>>[debug][2025-01-07 03-55-37][debug_logger][monitor_GPIO2_A3--mks_gpio.cpp:228][开始监听电源引脚状态]
>>[debug][2025-01-07 03-55-37][debug_logger][monitor_GPIO2_A3--mks_gpio.cpp:230][poll return = 1]
>>[debug][2025-01-07 03-55-37][debug_logger][monitor_GPIO2_A3--mks_gpio.cpp:254][检测到电源已切断,repair_model状态置为:2,进行延时防抖检测]
>>[debug][2025-01-07 03-55-37][debug_logger][monitor_GPIO2_A3--mks_gpio.cpp:228][开始监听电源引脚状态]
>>[debug][2025-01-07 03-55-37][debug_logger][check_power_lose_timeout--event.cpp:1221][event中检测到一次电源跳变,repair_model状态置为:2]
>>[debug][2025-01-07 03-55-37][debug_logger][check_power_lose_timeout--event.cpp:1221][event中检测到一次电源跳变,repair_model状态置为:2]
>>[debug][2025-01-07 03-55-37][debug_logger][check_power_lose_timeout--event.cpp:1221][event中检测到一次电源跳变,repair_model状态置为:2]
>>[debug][2025-01-07 03-55-37][debug_logger][check_power_lose_timeout--event.cpp:1208][event中检测到检测到第三次电源跳变,主动关机.repair_model状态置为:2]
>>[debug][2025-01-07 03-17-15][debug_logger][main--main.cpp:47][****************************************************]
>>[debug][2025-01-07 03-17-15][debug_logger][main--main.cpp:48][Start znp_tjc_klipper_V1.2.3.2 debug_log]
>>[debug][2025-01-07 03-17-16][debug_logger][monitor_GPIO2_A3--mks_gpio.cpp:228][开始监听电源引脚状态]
>>[debug][2025-01-10 05-57-21][debug_logger][main--main.cpp:47][****************************************************]
>>[debug][2025-01-10 05-57-21][debug_logger][main--main.cpp:48][Start znp_tjc_klipper_V1.2.3.2 debug_log]
>>[debug][2025-01-10 05-57-21][debug_logger][monitor_GPIO2_A3--mks_gpio.cpp:228][开始监听电源引脚状态]
>>[debug][2025-01-11 06-48-53][debug_logger][main--main.cpp:47][****************************************************]
>>[debug][2025-01-11 06-48-53][debug_logger][main--main.cpp:48][Start znp_tjc_klipper_V1.2.3.2 debug_log]
>>[debug][2025-01-11 06-48-53][debug_logger][monitor_GPIO2_A3--mks_gpio.cpp:228][开始监听电源引脚状态]
>>[debug][2025-01-13 08-41-03][debug_logger][main--main.cpp:47][****************************************************]
>>[debug][2025-01-13 08-41-03][debug_logger][main--main.cpp:48][Start znp_tjc_klipper_V1.2.3.2 debug_log]
>>[debug][2025-01-13 08-41-03][debug_logger][monitor_GPIO2_A3--mks_gpio.cpp:228][开始监听电源引脚状态]
>>[debug][2025-01-14 08-10-31][debug_logger][monitor_GPIO2_A3--mks_gpio.cpp:230][poll return = 1]
>>[debug][2025-01-14 08-10-31][debug_logger][monitor_GPIO2_A3--mks_gpio.cpp:257][电源已恢复,repair_model状态置为:0]
>>[debug][2025-01-14 08-10-31][debug_logger][monitor_GPIO2_A3--mks_gpio.cpp:228][开始监听电源引脚状态]
>>[debug][2025-01-14 08-10-31][debug_logger][monitor_GPIO2_A3--mks_gpio.cpp:230][poll return = 1]
>>[debug][2025-01-14 08-10-31][debug_logger][monitor_GPIO2_A3--mks_gpio.cpp:254][检测到电源已切断,repair_model状态置为:2,进行延时防抖检测]
>>[debug][2025-01-14 08-10-31][debug_logger][monitor_GPIO2_A3--mks_gpio.cpp:228][开始监听电源引脚状态]
>>[debug][2025-01-14 08-10-31][debug_logger][check_power_lose_timeout--event.cpp:1221][event中检测到一次电源跳变,repair_model状态置为:2]
>>[debug][2025-01-14 08-10-31][debug_logger][check_power_lose_timeout--event.cpp:1221][event中检测到一次电源跳变,repair_model状态置为:2]
>>[debug][2025-01-14 08-10-31][debug_logger][check_power_lose_timeout--event.cpp:1221][event中检测到一次电源跳变,repair_model状态置为:2]
>>[debug][2025-01-14 08-10-31][debug_logger][check_power_lose_timeout--event.cpp:1208][event中检测到检测到第三次电源跳变,主动关机.repair_model状态置为:2]
>>[debug][2025-01-14 07-17-15][debug_logger][main--main.cpp:47][****************************************************]
>>[debug][2025-01-14 07-17-15][debug_logger][main--main.cpp:48][Start znp_tjc_klipper_V1.2.3.2 debug_log]
>>[debug][2025-01-14 07-17-16][debug_logger][monitor_GPIO2_A3--mks_gpio.cpp:228][开始监听电源引脚状态]
>>[debug][2025-01-16 08-45-20][debug_logger][monitor_GPIO2_A3--mks_gpio.cpp:230][poll return = 1]
>>[debug][2025-01-16 08-45-20][debug_logger][monitor_GPIO2_A3--mks_gpio.cpp:257][电源已恢复,repair_model状态置为:0]
>>[debug][2025-01-16 08-45-20][debug_logger][monitor_GPIO2_A3--mks_gpio.cpp:228][开始监听电源引脚状态]
>>[debug][2025-01-16 08-45-20][debug_logger][monitor_GPIO2_A3--mks_gpio.cpp:230][poll return = 1]
>>[debug][2025-01-16 08-45-20][debug_logger][monitor_GPIO2_A3--mks_gpio.cpp:254][检测到电源已切断,repair_model状态置为:2,进行延时防抖检测]
>>[debug][2025-01-16 08-45-20][debug_logger][monitor_GPIO2_A3--mks_gpio.cpp:228][开始监听电源引脚状态]
>>[debug][2025-01-16 08-45-20][debug_logger][monitor_GPIO2_A3--mks_gpio.cpp:230][poll return = 1]
>>[debug][2025-01-16 08-45-20][debug_logger][monitor_GPIO2_A3--mks_gpio.cpp:254][检测到电源已切断,repair_model状态置为:2,进行延时防抖检测]
>>[debug][2025-01-16 08-45-20][debug_logger][monitor_GPIO2_A3--mks_gpio.cpp:228][开始监听电源引脚状态]
>>[debug][2025-01-16 08-45-20][debug_logger][check_power_lose_timeout--event.cpp:1221][event中检测到一次电源跳变,repair_model状态置为:2]
>>[debug][2025-01-16 08-45-20][debug_logger][check_power_lose_timeout--event.cpp:1221][event中检测到一次电源跳变,repair_model状态置为:2]
>>[debug][2025-01-16 08-45-20][debug_logger][check_power_lose_timeout--event.cpp:1221][event中检测到一次电源跳变,repair_model状态置为:2]
>>[debug][2025-01-16 08-45-20][debug_logger][check_power_lose_timeout--event.cpp:1208][event中检测到检测到第三次电源跳变,主动关机.repair_model状态置为:2]
>>[debug][2025-01-16 08-17-16][debug_logger][main--main.cpp:47][****************************************************]
>>[debug][2025-01-16 08-17-16][debug_logger][main--main.cpp:48][Start znp_tjc_klipper_V1.2.3.2 debug_log]
>>[debug][2025-01-16 08-17-16][debug_logger][monitor_GPIO2_A3--mks_gpio.cpp:228][开始监听电源引脚状态]
>>[debug][2025-01-18 04-30-06][debug_logger][monitor_GPIO2_A3--mks_gpio.cpp:230][poll return = 1]
>>[debug][2025-01-18 04-30-06][debug_logger][monitor_GPIO2_A3--mks_gpio.cpp:257][电源已恢复,repair_model状态置为:0]
>>[debug][2025-01-18 04-30-06][debug_logger][monitor_GPIO2_A3--mks_gpio.cpp:228][开始监听电源引脚状态]
>>[debug][2025-01-18 04-30-06][debug_logger][monitor_GPIO2_A3--mks_gpio.cpp:230][poll return = 1]
>>[debug][2025-01-18 04-30-06][debug_logger][monitor_GPIO2_A3--mks_gpio.cpp:254][检测到电源已切断,repair_model状态置为:2,进行延时防抖检测]
>>[debug][2025-01-18 04-30-06][debug_logger][monitor_GPIO2_A3--mks_gpio.cpp:228][开始监听电源引脚状态]
>>[debug][2025-01-18 04-30-06][debug_logger][check_power_lose_timeout--event.cpp:1221][event中检测到一次电源跳变,repair_model状态置为:2]
>>[debug][2025-01-18 04-30-06][debug_logger][check_power_lose_timeout--event.cpp:1221][event中检测到一次电源跳变,repair_model状态置为:2]
>>[debug][2025-01-18 04-30-06][debug_logger][check_power_lose_timeout--event.cpp:1221][event中检测到一次电源跳变,repair_model状态置为:2]
>>[debug][2025-01-18 04-30-06][debug_logger][check_power_lose_timeout--event.cpp:1208][event中检测到检测到第三次电源跳变,主动关机.repair_model状态置为:2]
>>[debug][2025-01-16 08-17-16][debug_logger][main--main.cpp:47][****************************************************]
>>[debug][2025-01-16 08-17-16][debug_logger][main--main.cpp:48][Start znp_tjc_klipper_V1.2.3.2 debug_log]
>>[debug][2025-01-16 08-17-16][debug_logger][monitor_GPIO2_A3--mks_gpio.cpp:228][开始监听电源引脚状态]
>>[debug][2025-01-18 06-19-46][debug_logger][main--main.cpp:47][****************************************************]
>>[debug][2025-01-18 06-19-46][debug_logger][main--main.cpp:48][Start znp_tjc_klipper_V1.2.3.2 debug_log]
>>[debug][2025-01-18 06-19-47][debug_logger][monitor_GPIO2_A3--mks_gpio.cpp:228][开始监听电源引脚状态]
>>[debug][2025-01-18 06-28-26][debug_logger][main--main.cpp:47][****************************************************]
>>[debug][2025-01-18 06-28-26][debug_logger][main--main.cpp:48][Start znp_tjc_klipper_V1.2.3.2 debug_log]
>>[debug][2025-01-18 06-28-26][debug_logger][monitor_GPIO2_A3--mks_gpio.cpp:228][开始监听电源引脚状态]
>>[debug][2025-01-19 05-54-45][debug_logger][main--main.cpp:47][****************************************************]
>>[debug][2025-01-19 05-54-45][debug_logger][main--main.cpp:48][Start znp_tjc_klipper_V1.2.3.2 debug_log]
>>[debug][2025-01-19 05-54-46][debug_logger][monitor_GPIO2_A3--mks_gpio.cpp:228][开始监听电源引脚状态]
>>[debug][2025-01-21 21-14-57][debug_logger][main--main.cpp:47][****************************************************]
>>[debug][2025-01-21 21-14-57][debug_logger][main--main.cpp:48][Start znp_tjc_klipper_V1.2.3.2 debug_log]
>>[debug][2025-01-21 21-14-58][debug_logger][monitor_GPIO2_A3--mks_gpio.cpp:228][开始监听电源引脚状态]
>>[debug][2025-01-22 12-55-27][debug_logger][monitor_GPIO2_A3--mks_gpio.cpp:230][poll return = 1]
>>[debug][2025-01-22 12-55-27][debug_logger][monitor_GPIO2_A3--mks_gpio.cpp:257][电源已恢复,repair_model状态置为:0]
>>[debug][2025-01-22 12-55-27][debug_logger][monitor_GPIO2_A3--mks_gpio.cpp:228][开始监听电源引脚状态]
>>[debug][2025-01-22 12-55-27][debug_logger][monitor_GPIO2_A3--mks_gpio.cpp:230][poll return = 1]
>>[debug][2025-01-22 12-55-27][debug_logger][monitor_GPIO2_A3--mks_gpio.cpp:254][检测到电源已切断,repair_model状态置为:2,进行延时防抖检测]
>>[debug][2025-01-22 12-55-27][debug_logger][monitor_GPIO2_A3--mks_gpio.cpp:228][开始监听电源引脚状态]
>>[debug][2025-01-22 12-55-27][debug_logger][check_power_lose_timeout--event.cpp:1221][event中检测到一次电源跳变,repair_model状态置为:2]
>>[debug][2025-01-22 12-55-27][debug_logger][check_power_lose_timeout--event.cpp:1221][event中检测到一次电源跳变,repair_model状态置为:2]
>>[debug][2025-01-22 12-55-27][debug_logger][check_power_lose_timeout--event.cpp:1221][event中检测到一次电源跳变,repair_model状态置为:2]
>>[debug][2025-01-22 12-55-27][debug_logger][check_power_lose_timeout--event.cpp:1208][event中检测到检测到第三次电源跳变,主动关机.repair_model状态置为:2]
>>[debug][2025-01-22 12-17-16][debug_logger][main--main.cpp:47][****************************************************]
>>[debug][2025-01-22 12-17-16][debug_logger][main--main.cpp:48][Start znp_tjc_klipper_V1.2.3.2 debug_log]
>>[debug][2025-01-22 12-17-16][debug_logger][monitor_GPIO2_A3--mks_gpio.cpp:228][开始监听电源引脚状态]
>>[debug][2025-01-24 02-06-33][debug_logger][main--main.cpp:47][****************************************************]
>>[debug][2025-01-24 02-06-33][debug_logger][main--main.cpp:48][Start znp_tjc_klipper_V1.2.3.2 debug_log]
>>[debug][2025-01-24 02-06-33][debug_logger][monitor_GPIO2_A3--mks_gpio.cpp:228][开始监听电源引脚状态]
>>[debug][2025-01-24 08-47-18][debug_logger][main--main.cpp:47][****************************************************]
>>[debug][2025-01-24 08-47-18][debug_logger][main--main.cpp:48][Start znp_tjc_klipper_V1.2.3.2 debug_log]
>>[debug][2025-01-24 08-47-18][debug_logger][monitor_GPIO2_A3--mks_gpio.cpp:228][开始监听电源引脚状态]
>>[debug][2025-01-27 05-39-16][debug_logger][main--main.cpp:47][****************************************************]
>>[debug][2025-01-27 05-39-16][debug_logger][main--main.cpp:48][Start znp_tjc_klipper_V1.2.3.2 debug_log]
>>[debug][2025-01-27 05-39-16][debug_logger][monitor_GPIO2_A3--mks_gpio.cpp:228][开始监听电源引脚状态]
>>[debug][2025-01-28 10-53-53][debug_logger][main--main.cpp:47][****************************************************]
>>[debug][2025-01-28 10-53-53][debug_logger][main--main.cpp:48][Start znp_tjc_klipper_V1.2.3.2 debug_log]
>>[debug][2025-01-28 10-53-53][debug_logger][monitor_GPIO2_A3--mks_gpio.cpp:228][开始监听电源引脚状态]
>>[debug][2025-01-30 21-15-33][debug_logger][main--main.cpp:47][****************************************************]
>>[debug][2025-01-30 21-15-33][debug_logger][main--main.cpp:48][Start znp_tjc_klipper_V1.2.3.2 debug_log]
>>[debug][2025-01-30 21-15-33][debug_logger][monitor_GPIO2_A3--mks_gpio.cpp:228][开始监听电源引脚状态]
>>[debug][2025-02-03 09-37-28][debug_logger][monitor_GPIO2_A3--mks_gpio.cpp:230][poll return = 1]
>>[debug][2025-02-03 09-37-28][debug_logger][monitor_GPIO2_A3--mks_gpio.cpp:257][电源已恢复,repair_model状态置为:0]
>>[debug][2025-02-03 09-37-28][debug_logger][monitor_GPIO2_A3--mks_gpio.cpp:228][开始监听电源引脚状态]
>>[debug][2025-02-03 09-37-28][debug_logger][monitor_GPIO2_A3--mks_gpio.cpp:230][poll return = 1]
>>[debug][2025-02-03 09-37-28][debug_logger][monitor_GPIO2_A3--mks_gpio.cpp:257][电源已恢复,repair_model状态置为:0]
>>[debug][2025-02-03 09-37-28][debug_logger][monitor_GPIO2_A3--mks_gpio.cpp:228][开始监听电源引脚状态]
>>[debug][2025-02-03 09-37-28][debug_logger][monitor_GPIO2_A3--mks_gpio.cpp:230][poll return = 1]
>>[debug][2025-02-03 09-37-28][debug_logger][monitor_GPIO2_A3--mks_gpio.cpp:254][检测到电源已切断,repair_model状态置为:2,进行延时防抖检测]
>>[debug][2025-02-03 09-37-28][debug_logger][monitor_GPIO2_A3--mks_gpio.cpp:228][开始监听电源引脚状态]
>>[debug][2025-02-03 09-37-28][debug_logger][check_power_lose_timeout--event.cpp:1221][event中检测到一次电源跳变,repair_model状态置为:2]
>>[debug][2025-02-03 09-37-29][debug_logger][check_power_lose_timeout--event.cpp:1221][event中检测到一次电源跳变,repair_model状态置为:2]
>>[debug][2025-02-03 09-37-29][debug_logger][check_power_lose_timeout--event.cpp:1221][event中检测到一次电源跳变,repair_model状态置为:2]
>>[debug][2025-02-03 09-37-29][debug_logger][check_power_lose_timeout--event.cpp:1208][event中检测到检测到第三次电源跳变,主动关机.repair_model状态置为:2]
>>[debug][2025-02-03 09-17-16][debug_logger][main--main.cpp:47][****************************************************]
>>[debug][2025-02-03 09-17-16][debug_logger][main--main.cpp:48][Start znp_tjc_klipper_V1.2.3.2 debug_log]
>>[debug][2025-02-03 09-17-16][debug_logger][monitor_GPIO2_A3--mks_gpio.cpp:228][开始监听电源引脚状态]
>>[debug][2025-02-04 03-54-03][debug_logger][main--main.cpp:47][****************************************************]
>>[debug][2025-02-04 03-54-03][debug_logger][main--main.cpp:48][Start znp_tjc_klipper_V1.2.3.2 debug_log]
>>[debug][2025-02-04 03-54-03][debug_logger][monitor_GPIO2_A3--mks_gpio.cpp:228][开始监听电源引脚状态]
>>[debug][2025-02-07 09-44-20][debug_logger][monitor_GPIO2_A3--mks_gpio.cpp:230][poll return = 1]
>>[debug][2025-02-07 09-44-20][debug_logger][monitor_GPIO2_A3--mks_gpio.cpp:257][电源已恢复,repair_model状态置为:0]
>>[debug][2025-02-07 09-44-20][debug_logger][monitor_GPIO2_A3--mks_gpio.cpp:228][开始监听电源引脚状态]
>>[debug][2025-02-07 09-44-20][debug_logger][monitor_GPIO2_A3--mks_gpio.cpp:230][poll return = 1]
>>[debug][2025-02-07 09-44-20][debug_logger][monitor_GPIO2_A3--mks_gpio.cpp:254][检测到电源已切断,repair_model状态置为:2,进行延时防抖检测]
>>[debug][2025-02-07 09-44-20][debug_logger][monitor_GPIO2_A3--mks_gpio.cpp:228][开始监听电源引脚状态]
>>[debug][2025-02-07 09-44-20][debug_logger][monitor_GPIO2_A3--mks_gpio.cpp:230][poll return = 1]
>>[debug][2025-02-07 09-44-20][debug_logger][monitor_GPIO2_A3--mks_gpio.cpp:254][检测到电源已切断,repair_model状态置为:2,进行延时防抖检测]
>>[debug][2025-02-07 09-44-20][debug_logger][check_power_lose_timeout--event.cpp:1221][event中检测到一次电源跳变,repair_model状态置为:2]
>>[debug][2025-02-07 09-44-20][debug_logger][monitor_GPIO2_A3--mks_gpio.cpp:228][开始监听电源引脚状态]
>>[debug][2025-02-07 09-44-20][debug_logger][monitor_GPIO2_A3--mks_gpio.cpp:230][poll return = 1]
>>[debug][2025-02-07 09-44-20][debug_logger][monitor_GPIO2_A3--mks_gpio.cpp:254][检测到电源已切断,repair_model状态置为:2,进行延时防抖检测]
>>[debug][2025-02-07 09-44-20][debug_logger][monitor_GPIO2_A3--mks_gpio.cpp:228][开始监听电源引脚状态]
>>[debug][2025-02-07 09-44-20][debug_logger][monitor_GPIO2_A3--mks_gpio.cpp:230][poll return = 1]
>>[debug][2025-02-07 09-44-20][debug_logger][monitor_GPIO2_A3--mks_gpio.cpp:254][检测到电源已切断,repair_model状态置为:2,进行延时防抖检测]
>>[debug][2025-02-07 09-44-20][debug_logger][monitor_GPIO2_A3--mks_gpio.cpp:228][开始监听电源引脚状态]
>>[debug][2025-02-07 09-44-20][debug_logger][check_power_lose_timeout--event.cpp:1221][event中检测到一次电源跳变,repair_model状态置为:2]
>>[debug][2025-02-07 09-44-20][debug_logger][check_power_lose_timeout--event.cpp:1221][event中检测到一次电源跳变,repair_model状态置为:2]
>>[debug][2025-02-07 09-44-20][debug_logger][check_power_lose_timeout--event.cpp:1208][event中检测到检测到第三次电源跳变,主动关机.repair_model状态置为:2]
>>[debug][2025-02-07 09-17-16][debug_logger][main--main.cpp:47][****************************************************]
>>[debug][2025-02-07 09-17-16][debug_logger][main--main.cpp:48][Start znp_tjc_klipper_V1.2.3.2 debug_log]
>>[debug][2025-02-07 09-17-16][debug_logger][monitor_GPIO2_A3--mks_gpio.cpp:228][开始监听电源引脚状态]
>>[debug][2025-02-16 11-16-55][debug_logger][main--main.cpp:47][****************************************************]
>>[debug][2025-02-16 11-16-55][debug_logger][main--main.cpp:48][Start znp_tjc_klipper_V1.2.3.2 debug_log]
>>[debug][2025-02-16 11-16-55][debug_logger][monitor_GPIO2_A3--mks_gpio.cpp:228][开始监听电源引脚状态]
>>[debug][2025-02-18 06-24-15][debug_logger][main--main.cpp:47][****************************************************]
>>[debug][2025-02-18 06-24-15][debug_logger][main--main.cpp:48][Start znp_tjc_klipper_V1.2.3.2 debug_log]
>>[debug][2025-02-18 06-24-16][debug_logger][monitor_GPIO2_A3--mks_gpio.cpp:228][开始监听电源引脚状态]
>>[debug][2025-02-21 23-04-38][debug_logger][main--main.cpp:47][****************************************************]
>>[debug][2025-02-21 23-04-38][debug_logger][main--main.cpp:48][Start znp_tjc_klipper_V1.2.3.2 debug_log]
>>[debug][2025-02-21 23-04-38][debug_logger][monitor_GPIO2_A3--mks_gpio.cpp:228][开始监听电源引脚状态]
>>[debug][2025-02-22 04-26-48][debug_logger][monitor_GPIO2_A3--mks_gpio.cpp:230][poll return = 1]
>>[debug][2025-02-22 04-26-48][debug_logger][monitor_GPIO2_A3--mks_gpio.cpp:257][电源已恢复,repair_model状态置为:0]
>>[debug][2025-02-22 04-26-48][debug_logger][monitor_GPIO2_A3--mks_gpio.cpp:228][开始监听电源引脚状态]
>>[debug][2025-02-22 04-26-48][debug_logger][monitor_GPIO2_A3--mks_gpio.cpp:230][poll return = 1]
>>[debug][2025-02-22 04-26-48][debug_logger][monitor_GPIO2_A3--mks_gpio.cpp:254][检测到电源已切断,repair_model状态置为:2,进行延时防抖检测]
>>[debug][2025-02-22 04-26-48][debug_logger][monitor_GPIO2_A3--mks_gpio.cpp:228][开始监听电源引脚状态]
>>[debug][2025-02-22 04-26-48][debug_logger][monitor_GPIO2_A3--mks_gpio.cpp:230][poll return = 1]
>>[debug][2025-02-22 04-26-48][debug_logger][monitor_GPIO2_A3--mks_gpio.cpp:254][检测到电源已切断,repair_model状态置为:2,进行延时防抖检测]
>>[debug][2025-02-22 04-26-48][debug_logger][monitor_GPIO2_A3--mks_gpio.cpp:228][开始监听电源引脚状态]
>>[debug][2025-02-22 04-26-48][debug_logger][check_power_lose_timeout--event.cpp:1221][event中检测到一次电源跳变,repair_model状态置为:2]
>>[debug][2025-02-22 04-26-48][debug_logger][check_power_lose_timeout--event.cpp:1221][event中检测到一次电源跳变,repair_model状态置为:2]
>>[debug][2025-02-22 04-26-48][debug_logger][check_power_lose_timeout--event.cpp:1221][event中检测到一次电源跳变,repair_model状态置为:2]
>>[debug][2025-02-22 04-26-48][debug_logger][check_power_lose_timeout--event.cpp:1208][event中检测到检测到第三次电源跳变,主动关机.repair_model状态置为:2]
>>[debug][2025-02-22 04-17-16][debug_logger][main--main.cpp:47][****************************************************]
>>[debug][2025-02-22 04-17-16][debug_logger][main--main.cpp:48][Start znp_tjc_klipper_V1.2.3.2 debug_log]
>>[debug][2025-02-22 04-17-16][debug_logger][monitor_GPIO2_A3--mks_gpio.cpp:228][开始监听电源引脚状态]
>>[debug][2025-02-25 10-25-01][debug_logger][page_to--ui.cpp:425][跳转到报错页面,repair_model状态置为:0;power_status状态为true]
>>[debug][2025-02-25 10-25-01][debug_logger][monitor_GPIO2_A3--mks_gpio.cpp:230][poll return = 1]
>>[debug][2025-02-25 10-25-01][debug_logger][monitor_GPIO2_A3--mks_gpio.cpp:257][电源已恢复,repair_model状态置为:0]
>>[debug][2025-02-25 10-25-01][debug_logger][monitor_GPIO2_A3--mks_gpio.cpp:228][开始监听电源引脚状态]
>>[debug][2025-02-25 10-25-01][debug_logger][monitor_GPIO2_A3--mks_gpio.cpp:230][poll return = 1]
>>[debug][2025-02-25 10-25-01][debug_logger][monitor_GPIO2_A3--mks_gpio.cpp:254][检测到电源已切断,repair_model状态置为:2,进行延时防抖检测]
>>[debug][2025-02-25 10-25-01][debug_logger][check_power_lose_timeout--event.cpp:1221][event中检测到一次电源跳变,repair_model状态置为:2]
>>[debug][2025-02-25 10-25-01][debug_logger][monitor_GPIO2_A3--mks_gpio.cpp:228][开始监听电源引脚状态]
>>[debug][2025-02-25 10-25-01][debug_logger][check_power_lose_timeout--event.cpp:1221][event中检测到一次电源跳变,repair_model状态置为:2]
>>[debug][2025-02-25 10-25-01][debug_logger][check_power_lose_timeout--event.cpp:1221][event中检测到一次电源跳变,repair_model状态置为:2]
>>[debug][2025-02-25 10-25-01][debug_logger][check_power_lose_timeout--event.cpp:1208][event中检测到检测到第三次电源跳变,主动关机.repair_model状态置为:2]
>>[debug][2025-02-25 10-17-15][debug_logger][main--main.cpp:47][****************************************************]
>>[debug][2025-02-25 10-17-15][debug_logger][main--main.cpp:48][Start znp_tjc_klipper_V1.2.3.2 debug_log]
>>[debug][2025-02-25 10-17-16][debug_logger][monitor_GPIO2_A3--mks_gpio.cpp:228][开始监听电源引脚状态]
>>[debug][2025-02-26 09-10-36][debug_logger][monitor_GPIO2_A3--mks_gpio.cpp:230][poll return = 1]
>>[debug][2025-02-26 09-10-36][debug_logger][monitor_GPIO2_A3--mks_gpio.cpp:257][电源已恢复,repair_model状态置为:0]
>>[debug][2025-02-26 09-10-36][debug_logger][monitor_GPIO2_A3--mks_gpio.cpp:228][开始监听电源引脚状态]
>>[debug][2025-02-26 09-10-36][debug_logger][monitor_GPIO2_A3--mks_gpio.cpp:230][poll return = 1]
>>[debug][2025-02-26 09-10-36][debug_logger][monitor_GPIO2_A3--mks_gpio.cpp:254][检测到电源已切断,repair_model状态置为:2,进行延时防抖检测]
>>[debug][2025-02-26 09-10-36][debug_logger][monitor_GPIO2_A3--mks_gpio.cpp:228][开始监听电源引脚状态]
>>[debug][2025-02-26 09-10-36][debug_logger][monitor_GPIO2_A3--mks_gpio.cpp:230][poll return = 1]
>>[debug][2025-02-26 09-10-36][debug_logger][monitor_GPIO2_A3--mks_gpio.cpp:254][检测到电源已切断,repair_model状态置为:2,进行延时防抖检测]
>>[debug][2025-02-26 09-10-36][debug_logger][monitor_GPIO2_A3--mks_gpio.cpp:228][开始监听电源引脚状态]
>>[debug][2025-02-26 09-10-36][debug_logger][check_power_lose_timeout--event.cpp:1221][event中检测到一次电源跳变,repair_model状态置为:2]
>>[debug][2025-02-26 09-10-36][debug_logger][check_power_lose_timeout--event.cpp:1221][event中检测到一次电源跳变,repair_model状态置为:2]
>>[debug][2025-02-26 09-10-36][debug_logger][check_power_lose_timeout--event.cpp:1221][event中检测到一次电源跳变,repair_model状态置为:2]
>>[debug][2025-02-26 09-10-36][debug_logger][check_power_lose_timeout--event.cpp:1208][event中检测到检测到第三次电源跳变,主动关机.repair_model状态置为:2]
>>[debug][2025-02-26 08-17-15][debug_logger][main--main.cpp:47][****************************************************]
>>[debug][2025-02-26 08-17-15][debug_logger][main--main.cpp:48][Start znp_tjc_klipper_V1.2.3.2 debug_log]
>>[debug][2025-02-26 08-17-15][debug_logger][monitor_GPIO2_A3--mks_gpio.cpp:228][开始监听电源引脚状态]
>>[debug][2025-02-27 03-28-19][debug_logger][monitor_GPIO2_A3--mks_gpio.cpp:230][poll return = 1]
>>[debug][2025-02-27 03-28-19][debug_logger][monitor_GPIO2_A3--mks_gpio.cpp:257][电源已恢复,repair_model状态置为:0]
>>[debug][2025-02-27 03-28-19][debug_logger][monitor_GPIO2_A3--mks_gpio.cpp:228][开始监听电源引脚状态]
>>[debug][2025-02-27 03-28-19][debug_logger][monitor_GPIO2_A3--mks_gpio.cpp:230][poll return = 1]
>>[debug][2025-02-27 03-28-19][debug_logger][monitor_GPIO2_A3--mks_gpio.cpp:257][电源已恢复,repair_model状态置为:0]
>>[debug][2025-02-27 03-28-19][debug_logger][monitor_GPIO2_A3--mks_gpio.cpp:228][开始监听电源引脚状态]
>>[debug][2025-02-27 03-28-19][debug_logger][monitor_GPIO2_A3--mks_gpio.cpp:230][poll return = 1]
>>[debug][2025-02-27 03-28-19][debug_logger][monitor_GPIO2_A3--mks_gpio.cpp:257][电源已恢复,repair_model状态置为:0]
>>[debug][2025-02-27 03-28-19][debug_logger][monitor_GPIO2_A3--mks_gpio.cpp:228][开始监听电源引脚状态]
>>[debug][2025-02-27 03-28-19][debug_logger][monitor_GPIO2_A3--mks_gpio.cpp:230][poll return = 1]
>>[debug][2025-02-27 03-28-19][debug_logger][monitor_GPIO2_A3--mks_gpio.cpp:254][检测到电源已切断,repair_model状态置为:2,进行延时防抖检测]
>>[debug][2025-02-27 03-28-19][debug_logger][monitor_GPIO2_A3--mks_gpio.cpp:228][开始监听电源引脚状态]
>>[debug][2025-02-27 03-28-19][debug_logger][check_power_lose_timeout--event.cpp:1221][event中检测到一次电源跳变,repair_model状态置为:2]
>>[debug][2025-02-27 03-28-19][debug_logger][check_power_lose_timeout--event.cpp:1221][event中检测到一次电源跳变,repair_model状态置为:2]
>>[debug][2025-02-27 03-28-19][debug_logger][check_power_lose_timeout--event.cpp:1221][event中检测到一次电源跳变,repair_model状态置为:2]
>>[debug][2025-02-27 03-28-19][debug_logger][check_power_lose_timeout--event.cpp:1208][event中检测到检测到第三次电源跳变,主动关机.repair_model状态置为:2]
>>[debug][2025-02-27 03-17-15][debug_logger][main--main.cpp:47][****************************************************]
>>[debug][2025-02-27 03-17-15][debug_logger][main--main.cpp:48][Start znp_tjc_klipper_V1.2.3.2 debug_log]
>>[debug][2025-02-27 03-17-15][debug_logger][monitor_GPIO2_A3--mks_gpio.cpp:228][开始监听电源引脚状态]
>>[debug][2025-02-27 03-54-06][debug_logger][main--main.cpp:47][****************************************************]
>>[debug][2025-02-27 03-54-06][debug_logger][main--main.cpp:48][Start znp_tjc_klipper_V1.2.3.2 debug_log]
>>[debug][2025-02-27 03-54-06][debug_logger][monitor_GPIO2_A3--mks_gpio.cpp:228][开始监听电源引脚状态]
>>[debug][2025-02-27 12-09-01][debug_logger][main--main.cpp:47][****************************************************]
>>[debug][2025-02-27 12-09-01][debug_logger][main--main.cpp:48][Start znp_tjc_klipper_V1.2.3.2 debug_log]
>>[debug][2025-02-27 12-09-01][debug_logger][monitor_GPIO2_A3--mks_gpio.cpp:228][开始监听电源引脚状态]
>>[debug][2025-02-28 05-23-29][debug_logger][main--main.cpp:47][****************************************************]
>>[debug][2025-02-28 05-23-29][debug_logger][main--main.cpp:48][Start znp_tjc_klipper_V1.2.3.2 debug_log]
>>[debug][2025-02-28 05-23-29][debug_logger][monitor_GPIO2_A3--mks_gpio.cpp:228][开始监听电源引脚状态]
>>[debug][2025-02-28 21-29-13][debug_logger][page_to--ui.cpp:425][跳转到报错页面,repair_model状态置为:0;power_status状态为true]
>>[debug][2025-02-28 21-29-35][debug_logger][monitor_GPIO2_A3--mks_gpio.cpp:230][poll return = 1]
>>[debug][2025-02-28 21-29-35][debug_logger][monitor_GPIO2_A3--mks_gpio.cpp:257][电源已恢复,repair_model状态置为:0]
>>[debug][2025-02-28 21-29-35][debug_logger][monitor_GPIO2_A3--mks_gpio.cpp:228][开始监听电源引脚状态]
>>[debug][2025-02-28 21-29-35][debug_logger][monitor_GPIO2_A3--mks_gpio.cpp:230][poll return = 1]
>>[debug][2025-02-28 21-29-35][debug_logger][monitor_GPIO2_A3--mks_gpio.cpp:257][电源已恢复,repair_model状态置为:0]
>>[debug][2025-02-28 21-29-35][debug_logger][monitor_GPIO2_A3--mks_gpio.cpp:228][开始监听电源引脚状态]
>>[debug][2025-02-28 21-29-35][debug_logger][monitor_GPIO2_A3--mks_gpio.cpp:230][poll return = 1]
>>[debug][2025-02-28 21-29-35][debug_logger][monitor_GPIO2_A3--mks_gpio.cpp:254][检测到电源已切断,repair_model状态置为:2,进行延时防抖检测]
>>[debug][2025-02-28 21-29-35][debug_logger][monitor_GPIO2_A3--mks_gpio.cpp:228][开始监听电源引脚状态]
>>[debug][2025-02-28 21-29-36][debug_logger][check_power_lose_timeout--event.cpp:1221][event中检测到一次电源跳变,repair_model状态置为:2]
>>[debug][2025-02-28 21-29-36][debug_logger][check_power_lose_timeout--event.cpp:1221][event中检测到一次电源跳变,repair_model状态置为:2]
>>[debug][2025-02-28 21-29-36][debug_logger][check_power_lose_timeout--event.cpp:1221][event中检测到一次电源跳变,repair_model状态置为:2]
>>[debug][2025-02-28 21-29-36][debug_logger][check_power_lose_timeout--event.cpp:1208][event中检测到检测到第三次电源跳变,主动关机.repair_model状态置为:2]
>>[debug][2025-02-28 05-23-29][debug_logger][main--main.cpp:47][****************************************************]
>>[debug][2025-02-28 05-23-29][debug_logger][main--main.cpp:48][Start znp_tjc_klipper_V1.2.3.2 debug_log]
>>[debug][2025-02-28 05-23-29][debug_logger][monitor_GPIO2_A3--mks_gpio.cpp:228][开始监听电源引脚状态]
>>[debug][2025-03-01 06-11-00][debug_logger][main--main.cpp:47][****************************************************]
>>[debug][2025-03-01 06-11-00][debug_logger][main--main.cpp:48][Start znp_tjc_klipper_V1.2.3.2 debug_log]
>>[debug][2025-03-01 06-11-00][debug_logger][monitor_GPIO2_A3--mks_gpio.cpp:228][开始监听电源引脚状态]
>>[debug][2025-03-03 02-40-21][debug_logger][main--main.cpp:47][****************************************************]
>>[debug][2025-03-03 02-40-21][debug_logger][main--main.cpp:48][Start znp_tjc_klipper_V1.2.3.2 debug_log]
>>[debug][2025-03-03 02-40-22][debug_logger][monitor_GPIO2_A3--mks_gpio.cpp:228][开始监听电源引脚状态]
>>[debug][2025-03-04 23-48-22][debug_logger][monitor_GPIO2_A3--mks_gpio.cpp:230][poll return = 1]
>>[debug][2025-03-04 23-48-22][debug_logger][monitor_GPIO2_A3--mks_gpio.cpp:254][检测到电源已切断,repair_model状态置为:2,进行延时防抖检测]
>>[debug][2025-03-04 23-48-22][debug_logger][monitor_GPIO2_A3--mks_gpio.cpp:228][开始监听电源引脚状态]
>>[debug][2025-03-04 23-48-22][debug_logger][check_power_lose_timeout--event.cpp:1221][event中检测到一次电源跳变,repair_model状态置为:2]
>>[debug][2025-03-04 23-48-22][debug_logger][check_power_lose_timeout--event.cpp:1221][event中检测到一次电源跳变,repair_model状态置为:2]
>>[debug][2025-03-04 23-48-22][debug_logger][check_power_lose_timeout--event.cpp:1221][event中检测到一次电源跳变,repair_model状态置为:2]
>>[debug][2025-03-04 23-48-22][debug_logger][check_power_lose_timeout--event.cpp:1208][event中检测到检测到第三次电源跳变,主动关机.repair_model状态置为:2]
>>[debug][2025-03-04 23-48-25][debug_logger][check_power_lose_timeout--event.cpp:1221][event中检测到一次电源跳变,repair_model状态置为:1]
>>[debug][2025-03-04 23-48-25][debug_logger][check_power_lose_timeout--event.cpp:1208][event中检测到检测到第三次电源跳变,主动关机.repair_model状态置为:1]
>>[debug][2025-03-04 23-48-43][debug_logger][main--main.cpp:47][****************************************************]
>>[debug][2025-03-04 23-48-43][debug_logger][main--main.cpp:48][Start znp_tjc_klipper_V1.2.3.2 debug_log]
>>[debug][2025-03-04 23-48-43][debug_logger][monitor_GPIO2_A3--mks_gpio.cpp:228][开始监听电源引脚状态]
>>[debug][2025-03-05 13-02-11][debug_logger][main--main.cpp:47][****************************************************]
>>[debug][2025-03-05 13-02-11][debug_logger][main--main.cpp:48][Start znp_tjc_klipper_V1.2.3.2 debug_log]
>>[debug][2025-03-05 13-02-11][debug_logger][monitor_GPIO2_A3--mks_gpio.cpp:228][开始监听电源引脚状态]
>>[debug][2025-03-06 00-09-02][debug_logger][monitor_GPIO2_A3--mks_gpio.cpp:230][poll return = 1]
>>[debug][2025-03-06 00-09-02][debug_logger][monitor_GPIO2_A3--mks_gpio.cpp:257][电源已恢复,repair_model状态置为:0]
>>[debug][2025-03-06 00-09-02][debug_logger][monitor_GPIO2_A3--mks_gpio.cpp:228][开始监听电源引脚状态]
>>[debug][2025-03-06 00-09-02][debug_logger][monitor_GPIO2_A3--mks_gpio.cpp:230][poll return = 1]
>>[debug][2025-03-06 00-09-02][debug_logger][monitor_GPIO2_A3--mks_gpio.cpp:257][电源已恢复,repair_model状态置为:0]
>>[debug][2025-03-06 00-09-02][debug_logger][monitor_GPIO2_A3--mks_gpio.cpp:228][开始监听电源引脚状态]
>>[debug][2025-03-06 00-09-02][debug_logger][monitor_GPIO2_A3--mks_gpio.cpp:230][poll return = 1]
>>[debug][2025-03-06 00-09-02][debug_logger][monitor_GPIO2_A3--mks_gpio.cpp:257][电源已恢复,repair_model状态置为:0]
>>[debug][2025-03-06 00-09-02][debug_logger][monitor_GPIO2_A3--mks_gpio.cpp:228][开始监听电源引脚状态]
>>[debug][2025-03-06 00-09-02][debug_logger][monitor_GPIO2_A3--mks_gpio.cpp:230][poll return = 1]
>>[debug][2025-03-06 00-09-02][debug_logger][monitor_GPIO2_A3--mks_gpio.cpp:254][检测到电源已切断,repair_model状态置为:2,进行延时防抖检测]
>>[debug][2025-03-06 00-09-02][debug_logger][check_power_lose_timeout--event.cpp:1221][event中检测到一次电源跳变,repair_model状态置为:2]
>>[debug][2025-03-06 00-09-02][debug_logger][monitor_GPIO2_A3--mks_gpio.cpp:228][开始监听电源引脚状态]
>>[debug][2025-03-06 00-09-02][debug_logger][check_power_lose_timeout--event.cpp:1221][event中检测到一次电源跳变,repair_model状态置为:2]
>>[debug][2025-03-06 00-09-02][debug_logger][check_power_lose_timeout--event.cpp:1221][event中检测到一次电源跳变,repair_model状态置为:2]
>>[debug][2025-03-06 00-09-02][debug_logger][check_power_lose_timeout--event.cpp:1208][event中检测到检测到第三次电源跳变,主动关机.repair_model状态置为:2]
>>[debug][2025-03-05 23-17-16][debug_logger][main--main.cpp:47][****************************************************]
>>[debug][2025-03-05 23-17-16][debug_logger][main--main.cpp:48][Start znp_tjc_klipper_V1.2.3.2 debug_log]
>>[debug][2025-03-05 23-17-16][debug_logger][monitor_GPIO2_A3--mks_gpio.cpp:228][开始监听电源引脚状态]
>>[debug][2025-03-06 08-38-37][debug_logger][main--main.cpp:47][****************************************************]
>>[debug][2025-03-06 08-38-37][debug_logger][main--main.cpp:48][Start znp_tjc_klipper_V1.2.3.2 debug_log]
>>[debug][2025-03-06 08-38-37][debug_logger][monitor_GPIO2_A3--mks_gpio.cpp:228][开始监听电源引脚状态]
>>[debug][2025-03-06 21-30-16][debug_logger][page_to--ui.cpp:425][跳转到报错页面,repair_model状态置为:0;power_status状态为true]
>>[debug][2025-03-06 21-30-22][debug_logger][monitor_GPIO2_A3--mks_gpio.cpp:230][poll return = 1]
>>[debug][2025-03-06 21-30-22][debug_logger][monitor_GPIO2_A3--mks_gpio.cpp:257][电源已恢复,repair_model状态置为:0]
>>[debug][2025-03-06 21-30-22][debug_logger][monitor_GPIO2_A3--mks_gpio.cpp:228][开始监听电源引脚状态]
>>[debug][2025-03-06 21-30-22][debug_logger][monitor_GPIO2_A3--mks_gpio.cpp:230][poll return = 1]
>>[debug][2025-03-06 21-30-22][debug_logger][monitor_GPIO2_A3--mks_gpio.cpp:254][检测到电源已切断,repair_model状态置为:2,进行延时防抖检测]
>>[debug][2025-03-06 21-30-22][debug_logger][monitor_GPIO2_A3--mks_gpio.cpp:228][开始监听电源引脚状态]
>>[debug][2025-03-06 21-30-22][debug_logger][check_power_lose_timeout--event.cpp:1221][event中检测到一次电源跳变,repair_model状态置为:2]
>>[debug][2025-03-06 21-30-22][debug_logger][check_power_lose_timeout--event.cpp:1221][event中检测到一次电源跳变,repair_model状态置为:2]
>>[debug][2025-03-06 21-30-22][debug_logger][check_power_lose_timeout--event.cpp:1221][event中检测到一次电源跳变,repair_model状态置为:2]
>>[debug][2025-03-06 21-30-22][debug_logger][check_power_lose_timeout--event.cpp:1208][event中检测到检测到第三次电源跳变,主动关机.repair_model状态置为:2]
>>[debug][2025-03-06 08-38-36][debug_logger][main--main.cpp:47][****************************************************]
>>[debug][2025-03-06 08-38-36][debug_logger][main--main.cpp:48][Start znp_tjc_klipper_V1.2.3.2 debug_log]
>>[debug][2025-03-06 08-38-37][debug_logger][monitor_GPIO2_A3--mks_gpio.cpp:228][开始监听电源引脚状态]
>>[debug][2025-03-07 08-17-08][debug_logger][main--main.cpp:47][****************************************************]
>>[debug][2025-03-07 08-17-08][debug_logger][main--main.cpp:48][Start znp_tjc_klipper_V1.2.3.2 debug_log]
>>[debug][2025-03-07 08-17-09][debug_logger][monitor_GPIO2_A3--mks_gpio.cpp:228][开始监听电源引脚状态]
>>[debug][2025-03-09 00-23-07][debug_logger][main--main.cpp:47][****************************************************]
>>[debug][2025-03-09 00-23-07][debug_logger][main--main.cpp:48][Start znp_tjc_klipper_V1.2.3.2 debug_log]
>>[debug][2025-03-09 00-23-08][debug_logger][monitor_GPIO2_A3--mks_gpio.cpp:228][开始监听电源引脚状态]
>>[debug][2025-03-10 20-03-29][debug_logger][monitor_GPIO2_A3--mks_gpio.cpp:230][poll return = 1]
>>[debug][2025-03-10 20-03-29][debug_logger][monitor_GPIO2_A3--mks_gpio.cpp:257][电源已恢复,repair_model状态置为:0]
>>[debug][2025-03-10 20-03-29][debug_logger][monitor_GPIO2_A3--mks_gpio.cpp:228][开始监听电源引脚状态]
>>[debug][2025-03-10 20-03-29][debug_logger][monitor_GPIO2_A3--mks_gpio.cpp:230][poll return = 1]
>>[debug][2025-03-10 20-03-29][debug_logger][monitor_GPIO2_A3--mks_gpio.cpp:254][检测到电源已切断,repair_model状态置为:2,进行延时防抖检测]
>>[debug][2025-03-10 20-03-29][debug_logger][monitor_GPIO2_A3--mks_gpio.cpp:228][开始监听电源引脚状态]
>>[debug][2025-03-10 20-03-29][debug_logger][check_power_lose_timeout--event.cpp:1221][event中检测到一次电源跳变,repair_model状态置为:2]
>>[debug][2025-03-10 20-03-29][debug_logger][check_power_lose_timeout--event.cpp:1221][event中检测到一次电源跳变,repair_model状态置为:2]
>>[debug][2025-03-10 20-03-29][debug_logger][check_power_lose_timeout--event.cpp:1221][event中检测到一次电源跳变,repair_model状态置为:2]
>>[debug][2025-03-10 20-03-29][debug_logger][check_power_lose_timeout--event.cpp:1208][event中检测到检测到第三次电源跳变,主动关机.repair_model状态置为:2]
>>[debug][2025-03-10 19-17-15][debug_logger][main--main.cpp:47][****************************************************]
>>[debug][2025-03-10 19-17-15][debug_logger][main--main.cpp:48][Start znp_tjc_klipper_V1.2.3.2 debug_log]
>>[debug][2025-03-10 19-17-15][debug_logger][monitor_GPIO2_A3--mks_gpio.cpp:228][开始监听电源引脚状态]
>>[debug][2025-03-12 12-02-47][debug_logger][monitor_GPIO2_A3--mks_gpio.cpp:230][poll return = 1]
>>[debug][2025-03-12 12-02-47][debug_logger][monitor_GPIO2_A3--mks_gpio.cpp:257][电源已恢复,repair_model状态置为:0]
>>[debug][2025-03-12 12-02-47][debug_logger][monitor_GPIO2_A3--mks_gpio.cpp:228][开始监听电源引脚状态]
>>[debug][2025-03-12 12-02-47][debug_logger][monitor_GPIO2_A3--mks_gpio.cpp:230][poll return = 1]
>>[debug][2025-03-12 12-02-47][debug_logger][monitor_GPIO2_A3--mks_gpio.cpp:254][检测到电源已切断,repair_model状态置为:2,进行延时防抖检测]
>>[debug][2025-03-12 12-02-47][debug_logger][monitor_GPIO2_A3--mks_gpio.cpp:228][开始监听电源引脚状态]
>>[debug][2025-03-12 12-02-47][debug_logger][monitor_GPIO2_A3--mks_gpio.cpp:230][poll return = 1]
>>[debug][2025-03-12 12-02-47][debug_logger][monitor_GPIO2_A3--mks_gpio.cpp:254][检测到电源已切断,repair_model状态置为:2,进行延时防抖检测]
>>[debug][2025-03-12 12-02-47][debug_logger][check_power_lose_timeout--event.cpp:1221][event中检测到一次电源跳变,repair_model状态置为:2]
>>[debug][2025-03-12 12-02-47][debug_logger][monitor_GPIO2_A3--mks_gpio.cpp:228][开始监听电源引脚状态]
>>[debug][2025-03-12 12-02-47][debug_logger][monitor_GPIO2_A3--mks_gpio.cpp:230][poll return = 1]
>>[debug][2025-03-12 12-02-47][debug_logger][monitor_GPIO2_A3--mks_gpio.cpp:257][电源已恢复,repair_model状态置为:2]
>>[debug][2025-03-12 12-02-47][debug_logger][monitor_GPIO2_A3--mks_gpio.cpp:228][开始监听电源引脚状态]
>>[debug][2025-03-12 12-02-47][debug_logger][monitor_GPIO2_A3--mks_gpio.cpp:230][poll return = 1]
>>[debug][2025-03-12 12-02-47][debug_logger][monitor_GPIO2_A3--mks_gpio.cpp:257][电源已恢复,repair_model状态置为:2]
>>[debug][2025-03-12 12-02-47][debug_logger][monitor_GPIO2_A3--mks_gpio.cpp:228][开始监听电源引脚状态]
>>[debug][2025-03-12 12-02-47][debug_logger][monitor_GPIO2_A3--mks_gpio.cpp:230][poll return = 1]
>>[debug][2025-03-12 12-02-47][debug_logger][monitor_GPIO2_A3--mks_gpio.cpp:254][检测到电源已切断,repair_model状态置为:2,进行延时防抖检测]
>>[debug][2025-03-12 12-02-47][debug_logger][monitor_GPIO2_A3--mks_gpio.cpp:228][开始监听电源引脚状态]
>>[debug][2025-03-12 12-02-47][debug_logger][check_power_lose_timeout--event.cpp:1221][event中检测到一次电源跳变,repair_model状态置为:2]
>>[debug][2025-03-12 12-02-47][debug_logger][check_power_lose_timeout--event.cpp:1221][event中检测到一次电源跳变,repair_model状态置为:2]
>>[debug][2025-03-12 12-02-47][debug_logger][check_power_lose_timeout--event.cpp:1208][event中检测到检测到第三次电源跳变,主动关机.repair_model状态置为:2]
>>[debug][2025-03-12 11-17-16][debug_logger][main--main.cpp:47][****************************************************]
>>[debug][2025-03-12 11-17-16][debug_logger][main--main.cpp:48][Start znp_tjc_klipper_V1.2.3.2 debug_log]
>>[debug][2025-03-12 11-17-16][debug_logger][monitor_GPIO2_A3--mks_gpio.cpp:228][开始监听电源引脚状态]
>>[debug][2025-03-17 07-36-32][debug_logger][main--main.cpp:47][****************************************************]
>>[debug][2025-03-17 07-36-32][debug_logger][main--main.cpp:48][Start znp_tjc_klipper_V1.2.3.2 debug_log]
>>[debug][2025-03-17 07-36-32][debug_logger][monitor_GPIO2_A3--mks_gpio.cpp:228][开始监听电源引脚状态]
>>[debug][2025-03-17 09-07-12][debug_logger][main--main.cpp:47][****************************************************]
>>[debug][2025-03-17 09-07-12][debug_logger][main--main.cpp:48][Start znp_tjc_klipper_V1.2.3.2 debug_log]
>>[debug][2025-03-17 09-07-12][debug_logger][monitor_GPIO2_A3--mks_gpio.cpp:228][开始监听电源引脚状态]
>>[debug][2025-03-17 09-11-40][debug_logger][main--main.cpp:47][****************************************************]
>>[debug][2025-03-17 09-11-40][debug_logger][main--main.cpp:48][Start znp_tjc_klipper_V1.2.3.2 debug_log]
>>[debug][2025-03-17 09-11-40][debug_logger][monitor_GPIO2_A3--mks_gpio.cpp:228][开始监听电源引脚状态]
>>[debug][2025-03-17 09-16-28][debug_logger][main--main.cpp:47][****************************************************]
>>[debug][2025-03-17 09-16-28][debug_logger][main--main.cpp:48][Start znp_tjc_klipper_V1.2.3.2 debug_log]
>>[debug][2025-03-17 09-16-29][debug_logger][monitor_GPIO2_A3--mks_gpio.cpp:228][开始监听电源引脚状态]
>>[debug][2025-03-17 09-46-47][debug_logger][main--main.cpp:47][****************************************************]
>>[debug][2025-03-17 09-46-47][debug_logger][main--main.cpp:48][Start znp_tjc_klipper_V1.2.3.2 debug_log]
>>[debug][2025-03-17 09-46-47][debug_logger][monitor_GPIO2_A3--mks_gpio.cpp:228][开始监听电源引脚状态]
>>[debug][2025-03-17 20-46-23][debug_logger][main--main.cpp:47][****************************************************]
>>[debug][2025-03-17 20-46-23][debug_logger][main--main.cpp:48][Start znp_tjc_klipper_V1.2.3.2 debug_log]
>>[debug][2025-03-17 20-46-24][debug_logger][monitor_GPIO2_A3--mks_gpio.cpp:228][开始监听电源引脚状态]
>>[debug][2025-03-17 20-55-11][debug_logger][main--main.cpp:47][****************************************************]
>>[debug][2025-03-17 20-55-11][debug_logger][main--main.cpp:48][Start znp_tjc_klipper_V1.2.3.2 debug_log]
>>[debug][2025-03-17 20-55-11][debug_logger][monitor_GPIO2_A3--mks_gpio.cpp:228][开始监听电源引脚状态]
>>[debug][2025-03-17 22-17-04][debug_logger][main--main.cpp:47][****************************************************]
>>[debug][2025-03-17 22-17-04][debug_logger][main--main.cpp:48][Start znp_tjc_klipper_V1.2.3.2 debug_log]
>>[debug][2025-03-17 22-17-04][debug_logger][monitor_GPIO2_A3--mks_gpio.cpp:228][开始监听电源引脚状态]
>>[debug][2025-03-17 22-34-44][debug_logger][main--main.cpp:47][****************************************************]
>>[debug][2025-03-17 22-34-44][debug_logger][main--main.cpp:48][Start znp_tjc_klipper_V1.2.3.2 debug_log]
>>[debug][2025-03-17 22-34-44][debug_logger][monitor_GPIO2_A3--mks_gpio.cpp:228][开始监听电源引脚状态]
