===== Config file =====
[force_move]
enable_force_move = true

[delayed_gcode KINEMATIC_POSITION]
initial_duration = 3.0
gcode = 
	SET_KINEMATIC_POSITION X=110
	SET_KINEMATIC_POSITION Y=110
	SET_KINEMATIC_POSITION Z=0

[respond]
default_type = echo
default_prefix = echo:

[gcode_macro G31]
gcode = 
	RUN_SHELL_COMMAND CMD=clear_plr

[gcode_shell_command clear_plr]
command = sh /home/mks/clear_plr.sh
timeout = 5.

[gcode_macro save_last_file]
gcode = 
	{% set svv = printer.save_variables.variables %}
	{% set filepath=printer.virtual_sdcard.file_path %}
	{% set filename=filepath.split('/')%}
	SAVE_VARIABLE VARIABLE=last_file VALUE='"{ filename[-1] }"'
	SAVE_VARIABLE VARIABLE=filepath VALUE='"{ printer.virtual_sdcard.file_path }"'
	M118 Last File: { filename[-1] }

[gcode_macro clear_last_file]
gcode = 
	{% set filename='' %}
	{% set filepath='' %}
	SAVE_VARIABLE VARIABLE=last_file VALUE='"{ filename }"'
	SAVE_VARIABLE VARIABLE=filepath VALUE='"{ filepath }"'

[gcode_shell_command POWER_LOSS_RESUME]
command = /home/mks/plr.sh
timeout = 420.

[gcode_macro RESUME_INTERRUPTED]
gcode = 
	SET_GCODE_OFFSET Z=0 MOVE=0
	{% set z_height = params.Z_HEIGHT|default(printer.save_variables.variables.power_resume_z)|float %}
	{% set last_file = params.GCODE_FILE|default(printer.save_variables.variables.last_file)|string %}
	m118 {last_file}
	RUN_SHELL_COMMAND CMD=POWER_LOSS_RESUME PARAMS="{z_height} \"{last_file}\""
	SDCARD_PRINT_FILE FILENAME=plr/"{last_file}"

[gcode_macro LOG_Z]
gcode = 
	{% set z_pos = printer.gcode_move.gcode_position.z %}
	SAVE_VARIABLE VARIABLE=power_resume_z VALUE={z_pos}

[save_variables]
filename = /home/mks/klipper_config/saved_variables.cfg

[mcu]
serial = /dev/ttyS0
restart_method = command

[stepper_x]
step_pin = PC14
dir_pin = PC13
enable_pin = !PC15
microsteps = 16
rotation_distance = 40
full_steps_per_rotation = 200
endstop_pin = tmc2209_stepper_x:virtual_endstop
position_min = -12
position_endstop = -10
position_max = 331
homing_speed = 50
homing_retract_dist = 0
homing_positive_dir = false

[stepper_y]
step_pin = PB4
dir_pin = !PB3
enable_pin = !PC15
microsteps = 16
rotation_distance = 40
full_steps_per_rotation = 200
endstop_pin = tmc2209_stepper_y:virtual_endstop
position_min = -2
position_endstop = 0
position_max = 331
homing_speed = 50
homing_retract_dist = 0
homing_positive_dir = false

[stepper_z]
step_pin = PC10
dir_pin = !PA13
enable_pin = !PC11
microsteps = 16
rotation_distance = 8
full_steps_per_rotation = 200
endstop_pin = probe:z_virtual_endstop
position_max = 387.1
position_min = -5
homing_speed = 8
homing_retract_dist = 5
second_homing_speed = 3

[extruder]
step_pin = PA5
dir_pin = !PA6
enable_pin = !PA4
microsteps = 16
rotation_distance = 28.703
gear_ratio = 52:10
full_steps_per_rotation = 200
nozzle_diameter = 0.400
filament_diameter = 1.750
min_temp = 0
max_temp = 310
heater_pin = PA7
sensor_type = NTC 100K MGB18-104F39050L32
sensor_pin = PA1
max_power = 1
pressure_advance = 0.020
pressure_advance_smooth_time = 0.04
instantaneous_corner_velocity = 2.5
max_extrude_only_distance = 101
max_extrude_only_velocity = 60
max_extrude_only_accel = 5000
max_extrude_cross_section = 9999999
min_extrude_temp = 100
control = pid
pid_kp = 31.105
pid_ki = 5.058
pid_kd = 47.823

[verify_heater extruder]
max_error = 120
check_gain_time = 10
hysteresis = 10
heating_gain = 2

[heater_bed]
heater_pin = PB10
sensor_type = NTC 100K MGB18-104F39050L32
sensor_pin = PA0
max_power = 1.0
control = pid
pid_kp = 75.397
pid_ki = 0.823
pid_kd = 1727.531
pwm_cycle_time = 0.016
min_temp = 0
max_temp = 110

[verify_heater heater_bed]
max_error = 120
check_gain_time = 240
hysteresis = 10
heating_gain = 2

[heater_fan fan1]
pin = PC7
shutdown_speed = 1

[fan]
pin = PB7

[printer]
kinematics = cartesian
max_velocity = 500
max_accel = 3000
max_accel_to_decel = 20000
max_z_velocity = 10
max_z_accel = 100
square_corner_velocity = 9.0

[input_shaper]
shaper_type_x = mzv
shaper_freq_x = 63.6
shaper_type_y = mzv
shaper_freq_y = 30.4

[idle_timeout]
timeout = 3600
gcode = 
	{% if printer[printer.toolhead.extruder].temperature > 140 %}
	{action_respond_info("Extruder powered down on idle timeout.")}
	SET_HEATER_TEMPERATURE HEATER=extruder TARGET={120}
	M84 E
	{% else %}
	TURN_OFF_HEATERS
	M84 E
	{% endif %}

[safe_z_home]
home_xy_position = 189.25,144.55
speed = 200
z_hop = 10
z_hop_speed = 5

[gcode_macro G29]
gcode = 
	M400
	BED_MESH_CLEAR
	G28
	BED_MESH_CALIBRATE profile=6 mesh_min=20,25 mesh_max=295,300 probe_count=6 algorithm=bicubic
	M400
	G4 P2000
	G91
	G1 Z5 F300
	G90
	G28 Z
	G1 X165 Y165 F12000
	G1 Z0 F300

[probe]
pin = ^PA11
x_offset = -24.25
y_offset = 20.45
z_offset = 0.0
speed = 10.0
samples = 2
samples_result = median
sample_retract_dist = 3.0
samples_tolerance = 0.05
samples_tolerance_retries = 5

[screws_tilt_adjust]
screw1 = 189.25, 144.55
screw1_name = home
screw2 = 61.75, 12.05
screw2_name = front left screw
screw3 = 316.75, 12.05
screw3_name = front right screw
screw4 = 316.75, 144.55
screw4_name = middle right screw
screw5 = 61.75, 144.55
screw5_name = middle left screw
screw6 = 61.75, 277.05
screw6_name = back left screw
screw7 = 316.75, 277.05
screw7_name = back right screw
speed = 200
horizontal_move_z = 10
screw_thread = CW-M4

[bed_mesh]
speed = 200
horizontal_move_z = 10
mesh_min = 20,25
mesh_max = 295,300
probe_count = 6,6
algorithm = bicubic
bicubic_tension = 0.2
mesh_pps = 2, 2
fade_start = 5.0
fade_end = 30.0

[gcode_macro FLASHLIGHT_SWITCH]
description = Switch Hotend LEDs
gcode = 
	RUN_SHELL_COMMAND CMD=FLASHLIGHT

[gcode_shell_command FLASHLIGHT]
command = sh /home/mks/sled2.sh
timeout = 5.

[gcode_macro MODLELIGHT_SWITCH]
description = Switch Logo LEDs
gcode = 
	RUN_SHELL_COMMAND CMD=MODLELIGHT

[gcode_shell_command MODLELIGHT]
command = sh /home/mks/sled1.sh
timeout = 5.

[tmc2209 stepper_x]
uart_pin = PB9
run_current = 1.0
hold_current = 0.8
interpolate = True
stealthchop_threshold = 0
driver_sgthrs = 90
diag_pin = ^PC0

[tmc2209 stepper_y]
uart_pin = PD2
run_current = 1.4
hold_current = 0.8
interpolate = True
stealthchop_threshold = 0
driver_sgthrs = 80
diag_pin = ^PB8

[tmc2209 stepper_z]
uart_pin = PC5
run_current = 0.8
hold_current = 0.5
interpolate = True
stealthchop_threshold = 0

[tmc2209 extruder]
uart_pin = PC4
run_current = 0.7
hold_current = 0.5
interpolate = True
stealthchop_threshold = 0

[mcu rpi]
serial = /tmp/klipper_host_mcu

[adxl345 x]
cs_pin = rpi:None
spi_bus = spidev0.0
axes_map = x,z,-y

[adxl345 y]
cs_pin = rpi:None
spi_bus = spidev0.1
axes_map = -x,-y,-z

[resonance_tester]
accel_chip_x = adxl345 x
accel_chip_y = adxl345 y
max_smoothing = 1
min_freq = 5
max_freq = 90
accel_per_hz = 150
hz_per_sec = 2
probe_points = 
	162.5, 162.5, 20

[virtual_sdcard]
path = ~/gcode_files
on_error_gcode = 
	G91
	G1 Z25 F900
	G90
	TURN_OFF_HEATERS
	M106 S100
	M84
	M300 P10000 S1
	G4 P300
	M300
	M300
	M300
	M300
	M300
	M300
	M300
	M300
	M300
	M300
	M300

[print_stats]

[gcode_move]

[gcode_macro PRINT_START]
gcode = 
	SAVE_VARIABLE VARIABLE=was_interrupted VALUE=True
	G92 E0
	G90
	SET_INPUT_SHAPER SHAPER_TYPE=ei
	CLEAR_PAUSE
	M117 Printing

[gcode_macro PRINT_END]
gcode = 
	SAVE_VARIABLE VARIABLE=was_interrupted VALUE=False
	RUN_SHELL_COMMAND CMD=clear_plr
	clear_last_file
	{% set RUN_VELOCITY = printer.configfile.settings['printer'].max_velocity|float %}
	{% set RUN_ACCEL    = printer.configfile.settings['printer'].max_accel|float %}
	{% set RUN_DECEL    = printer.configfile.settings['printer'].max_accel_to_decel|float %}
	SET_VELOCITY_LIMIT VELOCITY={RUN_VELOCITY} ACCEL={RUN_ACCEL} ACCEL_TO_DECEL={RUN_DECEL}
	M220 S100
	M221 S100
	{% set z = params.Z|default(100)|int %}
	{% if (printer.gcode_move.position.z+5) < z %}
	G90 							            ; absolute positioning
	G1 Z{z+5} F6000 				      ; park nozzle at rear
	{% endif %}
	TURN_OFF_HEATERS
	M107
	M84

[gcode_macro CANCEL_PRINT]
rename_existing = BASE_CANCEL_PRINT
gcode = 
	SAVE_VARIABLE VARIABLE=was_interrupted VALUE=False
	RUN_SHELL_COMMAND CMD=clear_plr
	clear_last_file
	{% set RUN_VELOCITY = printer.configfile.settings['printer'].max_velocity|float %}
	{% set RUN_ACCEL    = printer.configfile.settings['printer'].max_accel|float %}
	{% set RUN_DECEL    = printer.configfile.settings['printer'].max_accel_to_decel|float %}
	SET_VELOCITY_LIMIT VELOCITY={RUN_VELOCITY} ACCEL={RUN_ACCEL} ACCEL_TO_DECEL={RUN_DECEL}
	{% set z = params.Z|default(100)|int %}
	{% set x_park = params.X|default(printer.toolhead.axis_minimum.x+5)|int %}
	{% set y_park = params.Y|default(printer.toolhead.axis_maximum.y-5)|int %}
	SET_IDLE_TIMEOUT TIMEOUT={printer.configfile.settings.idle_timeout.timeout}
	SDCARD_RESET_FILE
	M220 S100
	M221 S100
	M400 							            ; wait for buffer to clear
	G91 							            ; relative positioning
	M83 							          ; zero the extruder
	G1 E-10.0 F1200 				      ; retract filament
	TURN_OFF_HEATERS
	M107 							            ; turn off fan
	{% if (printer.gcode_move.position.z+5) < z %}
	G90
	G0 X{x_park} Y{y_park} Z{z+5} F6000
	{% endif %}
	{%if (printer.gcode_move.position.z+5) >= z %}
	{%if (printer.gcode_move.position.z+5) < printer.toolhead.axis_maximum.z %}
	G91 							            ; relative positioning
	G1 Z5 F300
	G90
	G0 X{x_park} Y{y_park} F6000 				      ; park nozzle at rear
	{% else %}
	G90
	G0 X{x_park} Y{y_park} Z{printer.toolhead.axis_maximum.z} F6000 				      ; park nozzle at rear
	{% endif %}
	{% endif %}
	M84

[pause_resume]
recover_velocity = 50.0

[gcode_macro PAUSE]
rename_existing = BASE_PAUSE
gcode = 
	M400
	{% set z = params.Z|default(30)|int %}
	{% set E = (params.E|default(2))|float %}
	{% set x_park = params.X|default(printer.toolhead.axis_minimum.x+5)|int %}
	{% set y_park = params.Y|default(printer.toolhead.axis_maximum.y / 2)|int %}
	{% if (printer.gcode_move.position.x) <= (x_park+1) %}
	M400
	{% else %}
	{% set position = printer.gcode_move.gcode_position %}
	SET_GCODE_VARIABLE MACRO=RESUME VARIABLE=saved_x VALUE="{position.x}"
	SET_GCODE_VARIABLE MACRO=RESUME VARIABLE=saved_y VALUE="{position.y}"
	SET_GCODE_VARIABLE MACRO=RESUME VARIABLE=saved_z VALUE="{position.z}"
	SET_GCODE_VARIABLE MACRO=RESUME VARIABLE=saved_e VALUE="{position.e}"
	SET_GCODE_VARIABLE MACRO=RESUME VARIABLE=etemp VALUE={printer['extruder'].target}
	SET_GCODE_VARIABLE MACRO=RESUME VARIABLE=bed_temp VALUE={printer['heater_bed'].target}
	SAVE_GCODE_STATE NAME=timelapse_state_a
	M83
	G91
	{% if (printer.gcode_move.position.z+5) <  printer.toolhead.axis_maximum.z  %}
	G1 E-2 X3 Z1 F2100
	G1 Z4 F600
	{% endif %}
	SAVE_GCODE_STATE NAME=timelapse_state_b
	G90
	{% if (printer.gcode_move.position.z+5) < z %}
	G1 Z{z+5} X{x_park} Y{y_park} E-20 F6000
	{% else %}
	G1 X{x_park} Y{y_park} E-20 F6000
	{% endif %}
	M400
	M25
	SET_IDLE_TIMEOUT TIMEOUT=1200
	M400
	{% endif %}

[gcode_macro RESUME]
rename_existing = BASE_RESUME
variable_zhop = 0
variable_etemp = 0
variable_bed_temp = 0
variable_saved_x = 0.0
variable_saved_y = 0.0
variable_saved_z = 0.0
variable_saved_e = 0.0
gcode = 
	M24
	{% set e = params.E|default(2)|int %}
	SET_IDLE_TIMEOUT TIMEOUT={printer.configfile.settings.idle_timeout.timeout}
	{% if printer[printer.toolhead.extruder].temperature < etemp-4 %}
	SET_HEATER_TEMPERATURE HEATER=extruder TARGET={etemp}
	SET_HEATER_TEMPERATURE HEATER=heater_bed TARGET={bed_temp}
	TEMPERATURE_WAIT SENSOR=extruder MINIMUM={etemp-4} MAXIMUM={etemp+10}
	{% endif %}
	SET_HEATER_TEMPERATURE HEATER=extruder TARGET={etemp}
	SET_HEATER_TEMPERATURE HEATER=heater_bed TARGET={bed_temp}
	M17 E
	G91
	M83
	G1 E100 F200
	G4 P2000
	G1 X20 F15000
	G1 X-20
	G1 X20
	G1 X-20
	G1 X20
	G1 X-20
	;G1 E-2 F600
	G90
	G92 E{saved_e}
	RESTORE_GCODE_STATE NAME=timelapse_state_b MOVE=1 MOVE_SPEED=250
	RESTORE_GCODE_STATE NAME=timelapse_state_a MOVE=1 MOVE_SPEED=250
	SAVE_GCODE_STATE NAME=timelapse_state_a
	SAVE_GCODE_STATE NAME=timelapse_state_b
	M400
	;M24

[filament_switch_sensor fila]
pause_on_runout = True
runout_gcode = 
	SET_FILAMENT_SENSOR SENSOR=fila ENABLE=1
	M118 ;Filament detection is triggered,please check.
insert_gcode = 
event_delay = 3.0
pause_delay = 1.0
switch_pin = PA12

[gcode_macro M104]
rename_existing = M99104
gcode = 
	{% if 'S' in params %}
	{% if (params.S|float) > 300 %}
	M118 ;The nozzle setting temperature is out of limit and has been automatically adjusted to Limit the temperature.
	M118 ;热端设置温度超限，已经自动调整至限制温度。
	{% endif %}
	{% set TARGET = (params.S|float, 300)|min %}
	SET_HEATER_TEMPERATURE HEATER=extruder  TARGET={TARGET|int}
	{% endif %}

[gcode_macro M109]
rename_existing = M99109
gcode = 
	{% if 'S' in params %}
	{% if (params.S|float) > 300 %}
	M118 ;The nozzle setting temperature is out of limit and has been automatically adjusted to Limit the temperature.
	M118 ;热端设置温度超限，已经自动调整至限制温度。
	{% endif %}
	{% set TARGET = (params.S|float, 300)|min %}
	SET_HEATER_TEMPERATURE HEATER=extruder  TARGET={TARGET|int}
	TEMPERATURE_WAIT SENSOR=extruder MINIMUM={TARGET - 4} MAXIMUM={TARGET + 35}
	{% endif %}

[gcode_macro M140]
rename_existing = M99140
gcode = 
	{% if 'S' in params %}
	{% if (params.S|float) > 100 %}
	M118 ;The hot bed setting temperature is out of limit and has been automatically adjusted to Limit the temperature.
	M118 ;热床设置温度超限，已经自动调整至限制温度。
	{% endif %}
	{% set TARGET = (params.S|float, 100)|min %}
	SET_HEATER_TEMPERATURE HEATER=heater_bed TARGET={TARGET|int}
	{% endif %}

[gcode_macro M190]
rename_existing = M99190
gcode = 
	{% if 'S' in params %}
	{% if (params.S|float) > 100 %}
	M118 ;The hot bed setting temperature is out of limit and has been automatically adjusted to Limit the temperature.
	M118 ;热床设置温度超限，已经自动调整至限制温度。
	{% endif %}
	{% set TARGET = (params.S|float, 100)|min %}
	SET_HEATER_TEMPERATURE HEATER=heater_bed TARGET={TARGET|int}
	TEMPERATURE_WAIT SENSOR=heater_bed MINIMUM={TARGET - 2} MAXIMUM={TARGET + 35}
	{% endif %}

[display_status]

[gcode_macro M17]
gcode = 
	{% if 'X' in params or 'Y' in params or 'Z' in params or 'E' in params %}
	{% if 'X' in params %}
	SET_STEPPER_ENABLE STEPPER=stepper_x enable=1
	{% endif %}
	{% if 'Y' in params %}
	SET_STEPPER_ENABLE STEPPER=stepper_y enable=1
	{% endif %}
	{% if 'Z' in params %}
	SET_STEPPER_ENABLE STEPPER=stepper_z enable=1
	{% endif %}
	{% if 'E' in params %}
	SET_STEPPER_ENABLE STEPPER=extruder enable=1
	{% endif %}
	{% else %}
	SET_STEPPER_ENABLE STEPPER=stepper_x enable=1
	SET_STEPPER_ENABLE STEPPER=stepper_y enable=1
	SET_STEPPER_ENABLE STEPPER=stepper_z enable=1
	{% endif %}

[gcode_macro M84]
rename_existing = M84.1
gcode = 
	{% if 'X' in params or 'Y' in params or 'Z' in params or 'E' in params %}
	{% if 'X' in params %}
	SET_STEPPER_ENABLE STEPPER=stepper_x enable=0
	{% endif %}
	{% if 'Y' in params %}
	SET_STEPPER_ENABLE STEPPER=stepper_y enable=0
	{% endif %}
	{% if 'Z' in params %}
	SET_STEPPER_ENABLE STEPPER=stepper_z enable=0
	{% endif %}
	{% if 'E' in params %}
	SET_STEPPER_ENABLE STEPPER=extruder enable=0
	{% endif %}
	{% else %}
	SET_STEPPER_ENABLE STEPPER=stepper_x enable=0
	SET_STEPPER_ENABLE STEPPER=stepper_y enable=0
	SET_STEPPER_ENABLE STEPPER=stepper_z enable=0
	SET_STEPPER_ENABLE STEPPER=extruder enable=0
	{% endif %}

[gcode_macro m600]
description = Pauses the current print.
gcode = 
	M400
	PAUSE
	M400

[gcode_macro M106]
rename_existing = M99106
gcode = 
	{% if 'S' in params %}
	{% set s = (params.S|float, 255)|min %}
	{% if (printer.toolhead.fan_mode) == 0 %}
	MKS_M106 S={(204, s)|min}
	{% endif %}
	{% if (printer.toolhead.fan_mode) == 1 %}
	MKS_M106 S={(153, s)|min}
	{% endif %}
	{% if (printer.toolhead.fan_mode) == 2 %}
	MKS_M106 S={s}
	{% endif %}
	{% endif %}

[output_pin beeper]
pin = PA2
pwm = true
shutdown_value = 0
value = 0.0

[gcode_macro m300]
description = Emits and audible beep.
	Usage: M300 [P<duration>] [S<frequency>]
gcode = 
	{% set settings = printer.configfile.settings %}
	{% if "output_pin beeper" in printer %}
	{% set P = (params.P|default(100)|int, 0)|max %}
	{% set S = (params.S|default(1000)|int, 10000)|min %}
	SET_PIN PIN=beeper VALUE={
	settings["output_pin beeper"].scale|default(1.0) * 0.5
	}{% if settings["output_pin beeper"].pwm %} CYCLE_TIME={
	1.0 / S }{% endif %}
	G4 P{P}
	SET_PIN PIN=beeper VALUE=0
	{% else %}
	{action_respond_info(
	"M300 is disabled. To enable create an [output_pin beeper] config.")}
	{% endif %}

[gcode_arcs]
resolution = 0.1

[exclude_object]

[bed_mesh 11]
version = 1
points = 
	0.012500, 0.006250, -0.001250, -0.021250, -0.002500, -0.016250, -0.017500, -0.033750, -0.052500, -0.050000, -0.022500
	-0.017500, -0.018750, -0.028750, -0.036250, -0.010000, -0.016250, -0.008750, 0.003750, 0.006250, -0.003750, 0.042500
	-0.012500, -0.020000, -0.023750, -0.030000, -0.013750, -0.026250, -0.028750, -0.016250, -0.025000, -0.033750, -0.012500
	-0.067500, -0.083750, -0.082500, -0.093750, -0.070000, -0.083750, -0.075000, -0.062500, -0.063750, -0.075000, -0.036250
	-0.047500, -0.066250, -0.067500, -0.071250, -0.047500, -0.072500, -0.055000, -0.053750, -0.051250, -0.060000, -0.033750
	-0.036250, -0.046250, -0.061250, -0.072500, -0.067500, -0.076250, -0.061250, -0.055000, -0.068750, -0.080000, -0.041250
	-0.021250, -0.043750, -0.052500, -0.082500, -0.082500, -0.102500, -0.102500, -0.092500, -0.103750, -0.105000, -0.078750
	-0.018750, -0.042500, -0.057500, -0.091250, -0.096250, -0.110000, -0.112500, -0.103750, -0.108750, -0.108750, -0.080000
	-0.021250, -0.050000, -0.081250, -0.100000, -0.108750, -0.137500, -0.131250, -0.123750, -0.107500, -0.102500, -0.076250
	-0.080000, -0.096250, -0.123750, -0.141250, -0.148750, -0.167500, -0.165000, -0.147500, -0.145000, -0.133750, -0.092500
	-0.040000, -0.067500, -0.106250, -0.132500, -0.142500, -0.165000, -0.162500, -0.155000, -0.145000, -0.137500, -0.067500
tension = 0.2
min_x = 20.0
algo = bicubic
y_count = 11
mesh_y_pps = 2
min_y = 25.0
x_count = 11
max_y = 300.0
mesh_x_pps = 2
max_x = 295.0

[bed_mesh 6]
version = 1
points = 
	0.026250, -0.110000, -0.211250, -0.236250, -0.170000, -0.007500
	-0.002500, -0.103750, -0.170000, -0.196250, -0.125000, -0.002500
	-0.002500, -0.036250, -0.077500, -0.092500, -0.063750, -0.025000
	-0.015000, -0.006250, -0.015000, -0.015000, -0.045000, -0.042500
	0.001250, 0.018750, 0.035000, 0.022500, -0.006250, -0.020000
	-0.037500, -0.001250, 0.002500, -0.006250, -0.035000, -0.027500
tension = 0.2
min_x = 20.0
algo = bicubic
y_count = 6
mesh_y_pps = 2
min_y = 25.0
x_count = 6
max_y = 300.0
mesh_x_pps = 2
max_x = 295.0
=======================
extruder: pressure_advance: 0.025000
pressure_advance_smooth_time: 0.040000
Loaded MCU 'mcu' 105 commands (047b8fe-dirty-20230703_160308-mkspi / gcc: (15:7-2018-q2-6) 7.3.1 20180622 (release) [ARM/embedded-7-branch revision 261907] binutils: (2.31.1-12+11) 2.31.1)
MCU 'mcu' config: BUS_PINS_i2c1=PB6,PB7 BUS_PINS_i2c3=PA8,PC9 BUS_PINS_i2c2=PB10,PB11 BUS_PINS_spi3a=PC11,PC12,PC10 BUS_PINS_spi2a=PC2,PC3,PB10 BUS_PINS_i2c1a=PB8,PB9 RESERVE_PINS_serial=PA10,PA9 BUS_PINS_spi1a=PB4,PB5,PB3 STATS_SUMSQ_BASE=256 RECEIVE_WINDOW=192 BUS_PINS_spi3=PB4,PB5,PB3 STEPPER_BOTH_EDGE=1 SERIAL_BAUD=250000 ADC_MAX=4095 BUS_PINS_spi4=PE13,PE14,PE12 PWM_MAX=255 BUS_PINS_spi2=PB14,PB15,PB13 BUS_PINS_spi1=PA6,PA7,PA5 RESERVE_PINS_crystal=PH0,PH1 MCU=stm32f401xc CLOCK_FREQ=84000000
Configured MCU 'mcu' (1024 moves)
Loaded MCU 'rpi' 111 commands (v0.10.0-530-g3387a9c2 / gcc: (Debian 8.3.0-6) 8.3.0 binutils: (GNU Binutils for Debian) 2.31.1)
MCU 'rpi' config: PCA9685_MAX=4096 ADC_MAX=4095 PWM_MAX=32768 CLOCK_FREQ=50000000 MCU=linux STATS_SUMSQ_BASE=256
Configured MCU 'rpi' (1024 moves)
Args: ['/home/mks/klipper/klippy/klippy.py', '/home/mks/klipper_config/printer.cfg', '-I', '/tmp/printer', '-l', '/home/mks/klipper_logs/klippy.log', '-a', '/tmp/klippy_uds']
Git version: '?'
CPU: 4 core ?
Python: '2.7.16 (default, Oct 10 2019, 22:02:15) \n[GCC 8.3.0]'
webhooks client 281473036077824: {'program': 'Moonraker', 'version': '?'}
=============== Log rollover at Thu May 22 00:00:00 2025 ===============
Stats 7138.7: gcodein=0  mcu: mcu_awake=0.021 mcu_task_avg=0.000034 mcu_task_stddev=0.000017 bytes_write=11609170 bytes_read=1945490 bytes_retransmit=9 bytes_invalid=0 send_seq=210934 receive_seq=210934 retransmit_seq=2 srtt=0.001 rttvar=0.000 rto=0.025 ready_bytes=15 stalled_bytes=2811 freq=84002942 rpi: mcu_awake=0.001 mcu_task_avg=0.000011 mcu_task_stddev=0.000020 bytes_write=22287 bytes_read=70594 bytes_retransmit=0 bytes_invalid=0 send_seq=3688 receive_seq=3688 retransmit_seq=0 srtt=0.000 rttvar=0.000 rto=0.025 ready_bytes=0 stalled_bytes=0 freq=49999994 adj=49998084 heater_bed: target=60 temp=60.1 pwm=0.369 sd_pos=2640030 sysload=0.21 cputime=602.583 memavail=720884 print_time=7120.923 buffer_time=2.146 print_stall=6 extruder: target=205 temp=205.0 pwm=0.330
Stats 7139.7: gcodein=0  mcu: mcu_awake=0.021 mcu_task_avg=0.000034 mcu_task_stddev=0.000017 bytes_write=11615591 bytes_read=1946262 bytes_retransmit=9 bytes_invalid=0 send_seq=211040 receive_seq=211040 retransmit_seq=2 srtt=0.001 rttvar=0.000 rto=0.025 ready_bytes=33 stalled_bytes=2588 freq=84002942 rpi: mcu_awake=0.001 mcu_task_avg=0.000011 mcu_task_stddev=0.000020 bytes_write=22293 bytes_read=70610 bytes_retransmit=0 bytes_invalid=0 send_seq=3689 receive_seq=3689 retransmit_seq=0 srtt=0.000 rttvar=0.000 rto=0.025 ready_bytes=0 stalled_bytes=0 freq=49999989 adj=49998132 heater_bed: target=60 temp=60.1 pwm=0.465 sd_pos=2640962 sysload=0.21 cputime=602.724 memavail=718916 print_time=7121.854 buffer_time=2.076 print_stall=6 extruder: target=205 temp=205.0 pwm=0.330
Stats 7140.7: gcodein=0  mcu: mcu_awake=0.021 mcu_task_avg=0.000034 mcu_task_stddev=0.000017 bytes_write=11620828 bytes_read=1946959 bytes_retransmit=9 bytes_invalid=0 send_seq=211128 receive_seq=211128 retransmit_seq=2 srtt=0.001 rttvar=0.000 rto=0.025 ready_bytes=37 stalled_bytes=5111 freq=84002944 rpi: mcu_awake=0.001 mcu_task_avg=0.000010 mcu_task_stddev=0.000018 bytes_write=22299 bytes_read=70639 bytes_retransmit=0 bytes_invalid=0 send_seq=3690 receive_seq=3690 retransmit_seq=0 srtt=0.000 rttvar=0.000 rto=0.025 ready_bytes=0 stalled_bytes=0 freq=49999989 adj=49998097 heater_bed: target=60 temp=60.1 pwm=0.413 sd_pos=2642434 sysload=0.21 cputime=602.880 memavail=711384 print_time=7123.264 buffer_time=2.485 print_stall=6 extruder: target=205 temp=205.0 pwm=0.330
Stats 7141.7: gcodein=0  mcu: mcu_awake=0.021 mcu_task_avg=0.000034 mcu_task_stddev=0.000017 bytes_write=11627371 bytes_read=1947760 bytes_retransmit=9 bytes_invalid=0 send_seq=211237 receive_seq=211237 retransmit_seq=2 srtt=0.001 rttvar=0.000 rto=0.025 ready_bytes=54 stalled_bytes=3213 freq=84002953 rpi: mcu_awake=0.001 mcu_task_avg=0.000010 mcu_task_stddev=0.000018 bytes_write=22305 bytes_read=70655 bytes_retransmit=0 bytes_invalid=0 send_seq=3691 receive_seq=3691 retransmit_seq=0 srtt=0.000 rttvar=0.000 rto=0.025 ready_bytes=0 stalled_bytes=0 freq=49999986 adj=49998133 heater_bed: target=60 temp=60.1 pwm=0.375 sd_pos=2643186 sysload=0.28 cputime=603.010 memavail=714936 print_time=7124.057 buffer_time=2.278 print_stall=6 extruder: target=205 temp=205.0 pwm=0.313
Stats 7142.7: gcodein=0  mcu: mcu_awake=0.021 mcu_task_avg=0.000034 mcu_task_stddev=0.000017 bytes_write=11633248 bytes_read=1948492 bytes_retransmit=9 bytes_invalid=0 send_seq=211335 receive_seq=211335 retransmit_seq=2 srtt=0.001 rttvar=0.000 rto=0.025 ready_bytes=58 stalled_bytes=2136 freq=84002958 rpi: mcu_awake=0.001 mcu_task_avg=0.000010 mcu_task_stddev=0.000018 bytes_write=22311 bytes_read=70671 bytes_retransmit=0 bytes_invalid=0 send_seq=3692 receive_seq=3692 retransmit_seq=0 srtt=0.000 rttvar=0.000 rto=0.025 ready_bytes=0 stalled_bytes=0 freq=49999982 adj=49998023 heater_bed: target=60 temp=60.1 pwm=0.375 sd_pos=2643960 sysload=0.28 cputime=603.138 memavail=715592 print_time=7124.907 buffer_time=2.128 print_stall=6 extruder: target=205 temp=205.0 pwm=0.313
Stats 7143.7: gcodein=0  mcu: mcu_awake=0.024 mcu_task_avg=0.000035 mcu_task_stddev=0.000016 bytes_write=11638902 bytes_read=1949235 bytes_retransmit=9 bytes_invalid=0 send_seq=211430 receive_seq=211429 retransmit_seq=2 srtt=0.001 rttvar=0.000 rto=0.025 ready_bytes=17 stalled_bytes=4892 freq=84002952 rpi: mcu_awake=0.001 mcu_task_avg=0.000010 mcu_task_stddev=0.000018 bytes_write=22317 bytes_read=70687 bytes_retransmit=0 bytes_invalid=0 send_seq=3693 receive_seq=3693 retransmit_seq=0 srtt=0.000 rttvar=0.000 rto=0.025 ready_bytes=0 stalled_bytes=0 freq=49999981 adj=49997966 heater_bed: target=60 temp=60.1 pwm=0.410 sd_pos=2645428 sysload=0.28 cputime=603.283 memavail=717176 print_time=7126.480 buffer_time=2.700 print_stall=6 extruder: target=205 temp=205.0 pwm=0.313
Stats 7144.7: gcodein=0  mcu: mcu_awake=0.024 mcu_task_avg=0.000035 mcu_task_stddev=0.000016 bytes_write=11644440 bytes_read=1949961 bytes_retransmit=9 bytes_invalid=0 send_seq=211523 receive_seq=211523 retransmit_seq=2 srtt=0.001 rttvar=0.000 rto=0.025 ready_bytes=51 stalled_bytes=4058 freq=84002940 rpi: mcu_awake=0.001 mcu_task_avg=0.000010 mcu_task_stddev=0.000018 bytes_write=22323 bytes_read=70703 bytes_retransmit=0 bytes_invalid=0 send_seq=3694 receive_seq=3694 retransmit_seq=0 srtt=0.000 rttvar=0.000 rto=0.025 ready_bytes=0 stalled_bytes=0 freq=49999980 adj=49998105 heater_bed: target=60 temp=60.1 pwm=0.462 sd_pos=2646226 sysload=0.28 cputime=603.404 memavail=717496 print_time=7127.303 buffer_time=2.522 print_stall=6 extruder: target=205 temp=205.0 pwm=0.313
Stats 7145.7: gcodein=0  mcu: mcu_awake=0.024 mcu_task_avg=0.000035 mcu_task_stddev=0.000016 bytes_write=11650314 bytes_read=1950698 bytes_retransmit=9 bytes_invalid=0 send_seq=211622 receive_seq=211622 retransmit_seq=2 srtt=0.001 rttvar=0.000 rto=0.025 ready_bytes=35 stalled_bytes=3182 freq=84002941 rpi: mcu_awake=0.000 mcu_task_avg=0.000009 mcu_task_stddev=0.000015 bytes_write=22329 bytes_read=70732 bytes_retransmit=0 bytes_invalid=0 send_seq=3695 receive_seq=3695 retransmit_seq=0 srtt=0.000 rttvar=0.000 rto=0.025 ready_bytes=0 stalled_bytes=0 freq=49999978 adj=49998188 heater_bed: target=60 temp=60.1 pwm=0.400 sd_pos=2647409 sysload=0.28 cputime=603.545 memavail=718776 print_time=7128.195 buffer_time=2.413 print_stall=6 extruder: target=205 temp=204.9 pwm=0.344
Stats 7146.7: gcodein=0  mcu: mcu_awake=0.024 mcu_task_avg=0.000035 mcu_task_stddev=0.000016 bytes_write=11655198 bytes_read=1951370 bytes_retransmit=9 bytes_invalid=0 send_seq=211705 receive_seq=211705 retransmit_seq=2 srtt=0.001 rttvar=0.000 rto=0.025 ready_bytes=31 stalled_bytes=4004 freq=84002928 rpi: mcu_awake=0.000 mcu_task_avg=0.000009 mcu_task_stddev=0.000015 bytes_write=22335 bytes_read=70748 bytes_retransmit=0 bytes_invalid=0 send_seq=3696 receive_seq=3696 retransmit_seq=0 srtt=0.000 rttvar=0.000 rto=0.025 ready_bytes=0 stalled_bytes=0 freq=49999976 adj=49998161 heater_bed: target=60 temp=60.1 pwm=0.447 sd_pos=2649273 sysload=0.34 cputime=603.728 memavail=718104 print_time=7129.070 buffer_time=2.287 print_stall=6 extruder: target=205 temp=205.0 pwm=0.344
Stats 7147.7: gcodein=0  mcu: mcu_awake=0.024 mcu_task_avg=0.000035 mcu_task_stddev=0.000016 bytes_write=11660589 bytes_read=1952076 bytes_retransmit=9 bytes_invalid=0 send_seq=211795 receive_seq=211795 retransmit_seq=2 srtt=0.001 rttvar=0.000 rto=0.025 ready_bytes=54 stalled_bytes=3197 freq=84002941 rpi: mcu_awake=0.000 mcu_task_avg=0.000009 mcu_task_stddev=0.000015 bytes_write=22341 bytes_read=70764 bytes_retransmit=0 bytes_invalid=0 send_seq=3697 receive_seq=3697 retransmit_seq=0 srtt=0.000 rttvar=0.000 rto=0.025 ready_bytes=0 stalled_bytes=0 freq=49999975 adj=49998245 heater_bed: target=60 temp=60.1 pwm=0.527 sd_pos=2650572 sysload=0.34 cputime=603.867 memavail=718316 print_time=7129.851 buffer_time=2.067 print_stall=6 extruder: target=205 temp=205.2 pwm=0.293
Stats 7148.7: gcodein=0  mcu: mcu_awake=0.023 mcu_task_avg=0.000036 mcu_task_stddev=0.000015 bytes_write=11667169 bytes_read=1952884 bytes_retransmit=9 bytes_invalid=0 send_seq=211905 receive_seq=211905 retransmit_seq=2 srtt=0.001 rttvar=0.000 rto=0.025 ready_bytes=41 stalled_bytes=3718 freq=84002954 rpi: mcu_awake=0.000 mcu_task_avg=0.000009 mcu_task_stddev=0.000015 bytes_write=22347 bytes_read=70780 bytes_retransmit=0 bytes_invalid=0 send_seq=3698 receive_seq=3698 retransmit_seq=0 srtt=0.000 rttvar=0.000 rto=0.025 ready_bytes=0 stalled_bytes=0 freq=49999974 adj=49998123 heater_bed: target=60 temp=60.1 pwm=0.459 sd_pos=2651369 sysload=0.34 cputime=604.022 memavail=717964 print_time=7131.087 buffer_time=2.303 print_stall=6 extruder: target=205 temp=205.3 pwm=0.239
Stats 7149.7: gcodein=0  mcu: mcu_awake=0.023 mcu_task_avg=0.000036 mcu_task_stddev=0.000015 bytes_write=11673040 bytes_read=1953626 bytes_retransmit=9 bytes_invalid=0 send_seq=212002 receive_seq=212002 retransmit_seq=2 srtt=0.001 rttvar=0.000 rto=0.025 ready_bytes=38 stalled_bytes=2334 freq=84002956 rpi: mcu_awake=0.000 mcu_task_avg=0.000009 mcu_task_stddev=0.000015 bytes_write=22353 bytes_read=70795 bytes_retransmit=0 bytes_invalid=0 send_seq=3699 receive_seq=3699 retransmit_seq=0 srtt=0.000 rttvar=0.000 rto=0.025 ready_bytes=0 stalled_bytes=0 freq=49999972 adj=49998035 heater_bed: target=60 temp=60.1 pwm=0.485 sd_pos=2651828 sysload=0.34 cputime=604.147 memavail=717212 print_time=7131.830 buffer_time=2.045 print_stall=6 extruder: target=205 temp=205.3 pwm=0.239
Stats 7150.7: gcodein=0  mcu: mcu_awake=0.023 mcu_task_avg=0.000036 mcu_task_stddev=0.000015 bytes_write=11678968 bytes_read=1954367 bytes_retransmit=9 bytes_invalid=0 send_seq=212100 receive_seq=212099 retransmit_seq=2 srtt=0.001 rttvar=0.000 rto=0.025 ready_bytes=49 stalled_bytes=6961 freq=84002956 rpi: mcu_awake=0.000 mcu_task_avg=0.000009 mcu_task_stddev=0.000015 bytes_write=22359 bytes_read=70823 bytes_retransmit=0 bytes_invalid=0 send_seq=3700 receive_seq=3700 retransmit_seq=0 srtt=0.000 rttvar=0.000 rto=0.025 ready_bytes=0 stalled_bytes=0 freq=49999972 adj=49998012 heater_bed: target=60 temp=60.1 pwm=0.442 sd_pos=2653627 sysload=0.34 cputime=604.320 memavail=712168 print_time=7133.582 buffer_time=2.796 print_stall=6 extruder: target=205 temp=205.2 pwm=0.299
Stats 7151.7: gcodein=0  mcu: mcu_awake=0.023 mcu_task_avg=0.000036 mcu_task_stddev=0.000015 bytes_write=11684903 bytes_read=1955109 bytes_retransmit=9 bytes_invalid=0 send_seq=212199 receive_seq=212199 retransmit_seq=2 srtt=0.001 rttvar=0.000 rto=0.025 ready_bytes=8 stalled_bytes=6240 freq=84002941 rpi: mcu_awake=0.000 mcu_task_avg=0.000009 mcu_task_stddev=0.000015 bytes_write=22365 bytes_read=70838 bytes_retransmit=0 bytes_invalid=0 send_seq=3701 receive_seq=3701 retransmit_seq=0 srtt=0.000 rttvar=0.000 rto=0.025 ready_bytes=0 stalled_bytes=0 freq=49999970 adj=49998110 heater_bed: target=60 temp=60.1 pwm=0.383 sd_pos=2654275 sysload=0.63 cputime=604.409 memavail=709736 print_time=7134.354 buffer_time=2.567 print_stall=6 extruder: target=205 temp=205.0 pwm=0.299
Stats 7152.7: gcodein=0  mcu: mcu_awake=0.023 mcu_task_avg=0.000036 mcu_task_stddev=0.000015 bytes_write=11691102 bytes_read=1955886 bytes_retransmit=9 bytes_invalid=0 send_seq=212303 receive_seq=212303 retransmit_seq=2 srtt=0.001 rttvar=0.000 rto=0.025 ready_bytes=42 stalled_bytes=4374 freq=84002953 rpi: mcu_awake=0.000 mcu_task_avg=0.000009 mcu_task_stddev=0.000015 bytes_write=22371 bytes_read=70853 bytes_retransmit=0 bytes_invalid=0 send_seq=3702 receive_seq=3702 retransmit_seq=0 srtt=0.000 rttvar=0.000 rto=0.025 ready_bytes=0 stalled_bytes=0 freq=49999968 adj=49998194 heater_bed: target=60 temp=60.0 pwm=0.448 sd_pos=2654676 sysload=0.63 cputime=604.508 memavail=705052 print_time=7135.032 buffer_time=2.245 print_stall=6 extruder: target=205 temp=204.8 pwm=0.352
Stats 7153.7: gcodein=0  mcu: mcu_awake=0.024 mcu_task_avg=0.000036 mcu_task_stddev=0.000016 bytes_write=11697437 bytes_read=1956683 bytes_retransmit=9 bytes_invalid=0 send_seq=212408 receive_seq=212408 retransmit_seq=2 srtt=0.001 rttvar=0.000 rto=0.025 ready_bytes=7 stalled_bytes=5218 freq=84002952 rpi: mcu_awake=0.000 mcu_task_avg=0.000009 mcu_task_stddev=0.000015 bytes_write=22377 bytes_read=70868 bytes_retransmit=0 bytes_invalid=0 send_seq=3703 receive_seq=3703 retransmit_seq=0 srtt=0.000 rttvar=0.000 rto=0.025 ready_bytes=0 stalled_bytes=0 freq=49999967 adj=49998077 heater_bed: target=60 temp=60.0 pwm=0.585 sd_pos=2655460 sysload=0.63 cputime=604.635 memavail=696156 print_time=7136.265 buffer_time=2.477 print_stall=6 extruder: target=205 temp=204.9 pwm=0.352
Stats 7154.7: gcodein=0  mcu: mcu_awake=0.024 mcu_task_avg=0.000036 mcu_task_stddev=0.000016 bytes_write=11703599 bytes_read=1957445 bytes_retransmit=9 bytes_invalid=0 send_seq=212512 receive_seq=212512 retransmit_seq=2 srtt=0.001 rttvar=0.000 rto=0.025 ready_bytes=56 stalled_bytes=3792 freq=84002958 rpi: mcu_awake=0.000 mcu_task_avg=0.000009 mcu_task_stddev=0.000015 bytes_write=22383 bytes_read=70883 bytes_retransmit=0 bytes_invalid=0 send_seq=3704 receive_seq=3704 retransmit_seq=0 srtt=0.000 rttvar=0.000 rto=0.025 ready_bytes=0 stalled_bytes=0 freq=49999965 adj=49998111 heater_bed: target=60 temp=60.0 pwm=0.496 sd_pos=2656495 sysload=0.63 cputime=604.767 memavail=701580 print_time=7137.134 buffer_time=2.346 print_stall=6 extruder: target=205 temp=205.2 pwm=0.267
Stats 7155.7: gcodein=0  mcu: mcu_awake=0.024 mcu_task_avg=0.000036 mcu_task_stddev=0.000016 bytes_write=11709776 bytes_read=1958212 bytes_retransmit=9 bytes_invalid=0 send_seq=212615 receive_seq=212614 retransmit_seq=2 srtt=0.001 rttvar=0.000 rto=0.025 ready_bytes=15 stalled_bytes=1268 freq=84002961 rpi: mcu_awake=0.000 mcu_task_avg=0.000007 mcu_task_stddev=0.000012 bytes_write=22389 bytes_read=70912 bytes_retransmit=0 bytes_invalid=0 send_seq=3705 receive_seq=3705 retransmit_seq=0 srtt=0.000 rttvar=0.000 rto=0.025 ready_bytes=0 stalled_bytes=0 freq=49999963 adj=49998056 heater_bed: target=60 temp=60.0 pwm=0.496 sd_pos=2657278 sysload=0.63 cputime=604.912 memavail=711896 print_time=7137.871 buffer_time=2.082 print_stall=6 extruder: target=205 temp=205.4 pwm=0.215
Stats 7156.7: gcodein=0  mcu: mcu_awake=0.024 mcu_task_avg=0.000036 mcu_task_stddev=0.000016 bytes_write=11715501 bytes_read=1958948 bytes_retransmit=9 bytes_invalid=0 send_seq=212710 receive_seq=212710 retransmit_seq=2 srtt=0.001 rttvar=0.000 rto=0.025 ready_bytes=55 stalled_bytes=5918 freq=84002955 rpi: mcu_awake=0.000 mcu_task_avg=0.000007 mcu_task_stddev=0.000012 bytes_write=22395 bytes_read=70928 bytes_retransmit=0 bytes_invalid=0 send_seq=3706 receive_seq=3706 retransmit_seq=0 srtt=0.000 rttvar=0.000 rto=0.025 ready_bytes=0 stalled_bytes=0 freq=49999962 adj=49998011 heater_bed: target=60 temp=60.0 pwm=0.422 sd_pos=2658759 sysload=0.74 cputime=605.063 memavail=714648 print_time=7139.565 buffer_time=2.774 print_stall=6 extruder: target=205 temp=205.2 pwm=0.284
Stats 7157.7: gcodein=0  mcu: mcu_awake=0.024 mcu_task_avg=0.000036 mcu_task_stddev=0.000016 bytes_write=11720255 bytes_read=1959595 bytes_retransmit=9 bytes_invalid=0 send_seq=212791 receive_seq=212791 retransmit_seq=2 srtt=0.001 rttvar=0.000 rto=0.025 ready_bytes=41 stalled_bytes=5238 freq=84002951 rpi: mcu_awake=0.000 mcu_task_avg=0.000007 mcu_task_stddev=0.000012 bytes_write=22401 bytes_read=70944 bytes_retransmit=0 bytes_invalid=0 send_seq=3707 receive_seq=3707 retransmit_seq=0 srtt=0.000 rttvar=0.000 rto=0.025 ready_bytes=0 stalled_bytes=0 freq=49999962 adj=49998125 heater_bed: target=60 temp=60.0 pwm=0.373 sd_pos=2659204 sysload=0.74 cputime=605.177 memavail=714096 print_time=7140.215 buffer_time=2.424 print_stall=6 extruder: target=205 temp=204.8 pwm=0.340
Stats 7158.7: gcodein=0  mcu: mcu_awake=0.024 mcu_task_avg=0.000036 mcu_task_stddev=0.000016 bytes_write=11726537 bytes_read=1960393 bytes_retransmit=9 bytes_invalid=0 send_seq=212896 receive_seq=212896 retransmit_seq=2 srtt=0.001 rttvar=0.000 rto=0.025 ready_bytes=37 stalled_bytes=3152 freq=84002954 rpi: mcu_awake=0.000 mcu_task_avg=0.000007 mcu_task_stddev=0.000012 bytes_write=22407 bytes_read=70960 bytes_retransmit=0 bytes_invalid=0 send_seq=3708 receive_seq=3708 retransmit_seq=0 srtt=0.000 rttvar=0.000 rto=0.025 ready_bytes=0 stalled_bytes=0 freq=49999961 adj=49998160 heater_bed: target=60 temp=60.0 pwm=0.477 sd_pos=2659692 sysload=0.74 cputime=605.296 memavail=715140 print_time=7140.999 buffer_time=2.207 print_stall=6 extruder: target=205 temp=204.6 pwm=0.393
Stats 7159.7: gcodein=0  mcu: mcu_awake=0.024 mcu_task_avg=0.000036 mcu_task_stddev=0.000016 bytes_write=11732940 bytes_read=1961179 bytes_retransmit=9 bytes_invalid=0 send_seq=213003 receive_seq=213002 retransmit_seq=2 srtt=0.001 rttvar=0.000 rto=0.025 ready_bytes=35 stalled_bytes=5575 freq=84002943 rpi: mcu_awake=0.000 mcu_task_avg=0.000007 mcu_task_stddev=0.000012 bytes_write=22413 bytes_read=70976 bytes_retransmit=0 bytes_invalid=0 send_seq=3709 receive_seq=3709 retransmit_seq=0 srtt=0.000 rttvar=0.000 rto=0.025 ready_bytes=0 stalled_bytes=0 freq=49999962 adj=49998127 heater_bed: target=60 temp=60.0 pwm=0.530 sd_pos=2660726 sysload=0.74 cputime=605.443 memavail=713612 print_time=7142.445 buffer_time=2.647 print_stall=6 extruder: target=205 temp=204.7 pwm=0.331
Stats 7160.7: gcodein=0  mcu: mcu_awake=0.024 mcu_task_avg=0.000036 mcu_task_stddev=0.000016 bytes_write=11738178 bytes_read=1961861 bytes_retransmit=9 bytes_invalid=0 send_seq=213090 receive_seq=213090 retransmit_seq=2 srtt=0.001 rttvar=0.000 rto=0.025 ready_bytes=23 stalled_bytes=2681 freq=84002938 rpi: mcu_awake=0.000 mcu_task_avg=0.000008 mcu_task_stddev=0.000013 bytes_write=22419 bytes_read=71005 bytes_retransmit=0 bytes_invalid=0 send_seq=3710 receive_seq=3710 retransmit_seq=0 srtt=0.000 rttvar=0.000 rto=0.025 ready_bytes=0 stalled_bytes=0 freq=49999963 adj=49998232 heater_bed: target=60 temp=60.0 pwm=0.536 sd_pos=2660970 sysload=0.74 cputime=605.557 memavail=712512 print_time=7142.849 buffer_time=2.051 print_stall=6 extruder: target=205 temp=205.1 pwm=0.262
Stats 7161.7: gcodein=0  mcu: mcu_awake=0.024 mcu_task_avg=0.000036 mcu_task_stddev=0.000016 bytes_write=11744432 bytes_read=1962633 bytes_retransmit=9 bytes_invalid=0 send_seq=213193 receive_seq=213193 retransmit_seq=2 srtt=0.001 rttvar=0.000 rto=0.025 ready_bytes=58 stalled_bytes=1012 freq=84002940 rpi: mcu_awake=0.000 mcu_task_avg=0.000008 mcu_task_stddev=0.000013 bytes_write=22425 bytes_read=71021 bytes_retransmit=0 bytes_invalid=0 send_seq=3711 receive_seq=3711 retransmit_seq=0 srtt=0.000 rttvar=0.000 rto=0.025 ready_bytes=0 stalled_bytes=0 freq=49999969 adj=49998281 heater_bed: target=60 temp=60.0 pwm=0.501 sd_pos=2661316 sysload=0.84 cputime=605.699 memavail=712616 print_time=7143.963 buffer_time=2.164 print_stall=6 extruder: target=205 temp=205.4 pwm=0.196
Stats 7162.7: gcodein=0  mcu: mcu_awake=0.024 mcu_task_avg=0.000036 mcu_task_stddev=0.000016 bytes_write=11749764 bytes_read=1963334 bytes_retransmit=9 bytes_invalid=0 send_seq=213282 receive_seq=213282 retransmit_seq=2 srtt=0.002 rttvar=0.001 rto=0.025 ready_bytes=6 stalled_bytes=0 freq=84002934 rpi: mcu_awake=0.000 mcu_task_avg=0.000008 mcu_task_stddev=0.000013 bytes_write=22431 bytes_read=71037 bytes_retransmit=0 bytes_invalid=0 send_seq=3712 receive_seq=3712 retransmit_seq=0 srtt=0.000 rttvar=0.000 rto=0.025 ready_bytes=0 stalled_bytes=0 freq=49999968 adj=49998333 heater_bed: target=60 temp=59.9 pwm=0.501 sd_pos=2662395 sysload=0.84 cputime=605.835 memavail=714476 print_time=7145.387 buffer_time=2.587 print_stall=6 extruder: target=205 temp=205.3 pwm=0.255
Stats 7163.7: gcodein=0  mcu: mcu_awake=0.024 mcu_task_avg=0.000036 mcu_task_stddev=0.000016 bytes_write=11750710 bytes_read=1963696 bytes_retransmit=9 bytes_invalid=0 send_seq=213306 receive_seq=213306 retransmit_seq=2 srtt=0.002 rttvar=0.002 rto=0.025 ready_bytes=58 stalled_bytes=0 freq=84002914 rpi: mcu_awake=0.000 mcu_task_avg=0.000008 mcu_task_stddev=0.000013 bytes_write=22437 bytes_read=71053 bytes_retransmit=0 bytes_invalid=0 send_seq=3713 receive_seq=3713 retransmit_seq=0 srtt=0.000 rttvar=0.000 rto=0.025 ready_bytes=0 stalled_bytes=0 freq=49999968 adj=49998326 heater_bed: target=60 temp=60.0 pwm=0.435 sd_pos=2662427 sysload=0.84 cputime=605.903 memavail=715076 print_time=7145.990 buffer_time=2.190 print_stall=6 extruder: target=205 temp=204.9 pwm=0.326
Stats 7164.7: gcodein=0  mcu: mcu_awake=0.020 mcu_task_avg=0.000034 mcu_task_stddev=0.000017 bytes_write=11751963 bytes_read=1964109 bytes_retransmit=9 bytes_invalid=0 send_seq=213334 receive_seq=213334 retransmit_seq=2 srtt=0.001 rttvar=0.001 rto=0.025 ready_bytes=0 stalled_bytes=0 freq=84002894 rpi: mcu_awake=0.000 mcu_task_avg=0.000008 mcu_task_stddev=0.000013 bytes_write=22443 bytes_read=71069 bytes_retransmit=0 bytes_invalid=0 send_seq=3714 receive_seq=3714 retransmit_seq=0 srtt=0.000 rttvar=0.000 rto=0.025 ready_bytes=0 stalled_bytes=0 freq=49999970 adj=49998474 heater_bed: target=60 temp=60.0 pwm=0.379 sd_pos=2662648 sysload=0.84 cputime=606.050 memavail=715028 print_time=7146.961 buffer_time=2.160 print_stall=6 extruder: target=205 temp=204.6 pwm=0.380
