--------------------Moonraker Log Start--------------------
config_file: /home/mks/klipper_config/moonraker.conf
log_file: /home/mks/klipper_logs/moonraker.log
software_version: ?
python_version: 3.7.3 (default, Jan 22 2021, 20:04:44)  [GCC 8.3.0]

#################### Moonraker Configuration ####################

[server]
host = localhost
port = 7125
enable_debug_logging = False
klippy_uds_address = /tmp/klippy_uds

[authorization]
trusted_clients = 
	10.0.0.0/8
	127.0.0.0/8
	169.254.0.0/16
	172.16.0.0/12
	192.168.0.0/16
	FE80::/10
	::1/128
cors_domains = 
	http://*.lan
	http://*.local
	https://my.mainsail.xyz
	http://my.mainsail.xyz
	https://app.fluidd.xyz
	http://app.fluidd.xyz

[database]
database_path = /home/mks/.moonraker_database

[file_manager]
config_path = /home/mks/klipper_config
log_path = /home/mks/klipper_logs

[octoprint_compat]

[history]

#################################################################
All Configuration Files:
/home/mks/klipper_config/moonraker.conf
#################################################################
Unsafe Shutdown Count: 0

System Info:

***python***
  version: sys.version_info(major=3, minor=7, micro=3, releaselevel='final', serial=0)
  version_string: 3.7.3 (default, Jan 22 2021, 20:04:44)  [GCC 8.3.0]

***cpu_info***
  cpu_count: 4
  bits: 64bit
  processor: aarch64
  cpu_desc: 
  serial_number: 
  hardware_desc: 
  model: 
  total_memory: 999784
  memory_units: kB

***sd_info***

***distribution***
  name: Debian GNU/Linux 10 (buster)
  id: debian
  version: 10
  version_parts: {'major': '10', 'minor': '', 'build_number': ''}
  like: 
  codename: buster
  release_info: {}

***virtualization***
  virt_type: none
  virt_identifier: none
Klipper Version: ?
2025-05-15 00:05:49,972 [authorization.py:_check_trusted_connection()] - Trusted Connection Detected, IP: 10.10.100.14
2025-05-15 00:05:49,979 [app.py:log_request()] - 101 GET /websocket (10.10.100.14) [_TRUSTED_USER_] 10.83ms
2025-05-15 00:05:49,980 [websockets.py:open()] - Websocket Opened: ID: 281473419894456, Proxied: True, User Agent: Dart/3.6 (dart:io), Host Name: 10.10.100.201
2025-05-15 00:05:49,993 [websockets.py:_handle_identify()] - Websocket 281473419894456 Client Identified - Name: Mobileraker-ios, Version: 2.8.7-619, Type: mobile
2025-05-15 00:05:50,098 [websockets.py:build_error()] - JSON-RPC Request Error: -32601
Key 'webcams' in namespace 'mobileraker' not found
Traceback (most recent call last):
  File "/home/mks/moonraker/moonraker/websockets.py", line 253, in execute_method
    result = await callback(params)
  File "/home/mks/moonraker/moonraker/websockets.py", line 364, in func
    ip_addr=ws.ip_addr, user=ws.current_user))
  File "/home/mks/moonraker/moonraker/components/database.py", line 732, in _handle_item_request
    val = await self.get_item(namespace, key)
  File "/usr/lib/python3.7/concurrent/futures/thread.py", line 57, in run
    result = self.fn(*self.args, **self.kwargs)
  File "/home/mks/moonraker/moonraker/components/database.py", line 170, in func_wrapper
    return command_func(*args)
  File "/home/mks/moonraker/moonraker/components/database.py", line 333, in _get_impl
    ns = self._get_record(namespace, key_list[0])
  File "/home/mks/moonraker/moonraker/components/database.py", line 649, in _get_record
    f"Key '{key}' in namespace '{namespace}' not found", 404)
utils.ServerError: Key 'webcams' in namespace 'mobileraker' not found
